TN:
SF:/data/workspace/f-stack/lib/ff_config.c
FN:1069,1212,dpdk_args_setup
FN:1215,1256,ff_parse_args
FN:1259,1343,ff_check_config
FN:1346,1370,ff_default_config
FN:1373,1417,ff_load_config
FN:1437,1455,ff_cfg_free_freebsd_chain
FN:144,154,is_integer
FN:1458,1501,ff_cfg_free_port_one
FN:1504,1528,ff_cfg_free_vlan_one
FN:1531,1538,ff_cfg_free_vdev_one
FN:1541,1549,ff_cfg_free_bond_one
FN:1552,1683,ff_unload_config
FN:157,209,freebsd_conf_handler
FN:213,231,uint16_binary_search
FN:234,237,uint16_cmp
FN:240,243,sort_uint16_array
FN:246,255,__strstrip
FN:258,314,__parse_config_list
FN:317,322,parse_port_lcore_list
FN:325,346,parse_port_list
FN:349,370,parse_port_slave_list
FN:373,378,parse_vlan_filter_list
FN:381,426,vip_cfg_handler
FN:542,647,port_cfg_handler
FN:58,69,xdigit2val
FN:650,757,vlan_cfg_handler
FN:72,141,parse_lcore_mask
FN:760,814,vdev_cfg_handler
FN:817,878,bond_cfg_handler
FN:881,921,rss_tbl_cfg_handler
FN:924,953,rss_check_cfg_handler
FN:956,1066,ini_parse_handler
FNDA:54,dpdk_args_setup
FNDA:100,ff_parse_args
FNDA:60,ff_check_config
FNDA:100,ff_default_config
FNDA:100,ff_load_config
FNDA:212,ff_cfg_free_freebsd_chain
FNDA:34,is_integer
FNDA:2304,ff_cfg_free_port_one
FNDA:2304,ff_cfg_free_vlan_one
FNDA:256,ff_cfg_free_vdev_one
FNDA:320,ff_cfg_free_bond_one
FNDA:106,ff_unload_config
FNDA:58,freebsd_conf_handler
FNDA:130,uint16_binary_search
FNDA:26,uint16_cmp
FNDA:120,sort_uint16_array
FNDA:150,__strstrip
FNDA:122,__parse_config_list
FNDA:22,parse_port_lcore_list
FNDA:80,parse_port_list
FNDA:0,parse_port_slave_list
FNDA:20,parse_vlan_filter_list
FNDA:6,vip_cfg_handler
FNDA:368,port_cfg_handler
FNDA:84,xdigit2val
FNDA:110,vlan_cfg_handler
FNDA:92,parse_lcore_mask
FNDA:44,vdev_cfg_handler
FNDA:78,bond_cfg_handler
FNDA:4,rss_tbl_cfg_handler
FNDA:10,rss_check_cfg_handler
FNDA:1258,ini_parse_handler
FNF:32
FNH:31
BRDA:62,0,0,82
BRDA:62,0,1,2
BRDA:64,0,0,2
BRDA:64,0,1,0
BRDA:82,0,0,0
BRDA:82,0,1,92
BRDA:86,0,0,2
BRDA:86,0,1,90
BRDA:96,0,0,0
BRDA:96,0,1,90
BRDA:98,0,0,26
BRDA:98,0,1,64
BRDA:98,0,2,2
BRDA:98,0,3,24
BRDA:99,0,0,2
BRDA:99,0,1,0
BRDA:103,0,0,88
BRDA:103,0,1,2
BRDA:103,0,2,0
BRDA:103,0,3,88
BRDA:106,0,0,2
BRDA:106,0,1,88
BRDA:109,0,0,88
BRDA:109,0,1,84
BRDA:109,0,2,88
BRDA:109,0,3,0
BRDA:111,0,0,4
BRDA:111,0,1,84
BRDA:115,0,0,336
BRDA:115,0,1,84
BRDA:115,0,2,336
BRDA:115,0,3,0
BRDA:116,0,0,140
BRDA:116,0,1,196
BRDA:118,0,0,80
BRDA:118,0,1,60
BRDA:131,0,0,0
BRDA:131,0,1,84
BRDA:132,0,0,-
BRDA:132,0,1,-
BRDA:135,0,0,4
BRDA:135,0,1,80
BRDA:146,0,0,34
BRDA:146,0,1,0
BRDA:146,0,2,0
BRDA:146,0,3,34
BRDA:148,0,0,34
BRDA:148,0,1,0
BRDA:148,0,2,0
BRDA:148,0,3,34
BRDA:151,0,0,150
BRDA:151,0,1,34
BRDA:151,0,2,150
BRDA:151,0,3,0
BRDA:162,0,0,0
BRDA:162,0,1,58
BRDA:170,0,0,24
BRDA:170,0,1,34
BRDA:175,0,0,34
BRDA:175,0,1,0
BRDA:178,0,0,34
BRDA:178,0,1,0
BRDA:179,0,0,16
BRDA:179,0,1,18
BRDA:200,0,0,36
BRDA:200,0,1,22
BRDA:215,0,0,130
BRDA:215,0,1,0
BRDA:219,0,0,90
BRDA:219,0,1,40
BRDA:223,0,0,2
BRDA:223,0,1,38
BRDA:249,0,0,0
BRDA:249,0,1,150
BRDA:250,0,0,150
BRDA:250,0,1,0
BRDA:251,0,0,150
BRDA:251,0,1,0
BRDA:269,0,0,146
BRDA:269,0,1,120
BRDA:272,0,0,142
BRDA:272,0,1,4
BRDA:275,0,0,2
BRDA:275,0,1,140
BRDA:279,0,0,0
BRDA:279,0,1,140
BRDA:289,0,0,0
BRDA:289,0,1,4
BRDA:294,0,0,0
BRDA:294,0,1,4
BRDA:298,0,0,8
BRDA:298,0,1,4
BRDA:299,0,0,0
BRDA:299,0,1,8
BRDA:307,0,0,0
BRDA:307,0,1,120
BRDA:332,0,0,2
BRDA:332,0,1,78
BRDA:336,0,0,0
BRDA:336,0,1,78
BRDA:356,0,0,-
BRDA:356,0,1,-
BRDA:360,0,0,-
BRDA:360,0,1,-
BRDA:388,0,0,4
BRDA:388,0,1,2
BRDA:390,0,0,2
BRDA:390,0,1,0
BRDA:398,0,0,0
BRDA:398,0,1,6
BRDA:407,0,0,0
BRDA:407,0,1,6
BRDA:414,0,0,4
BRDA:414,0,1,2
BRDA:417,0,0,2
BRDA:417,0,1,0
BRDA:545,0,0,0
BRDA:545,0,1,368
BRDA:550,0,0,76
BRDA:550,0,1,292
BRDA:552,0,0,2
BRDA:552,0,1,74
BRDA:558,0,0,76
BRDA:558,0,1,74
BRDA:572,0,0,2
BRDA:572,0,1,364
BRDA:578,0,0,4
BRDA:578,0,1,360
BRDA:584,0,0,74
BRDA:584,0,1,286
BRDA:589,0,0,8
BRDA:589,0,1,352
BRDA:590,0,0,2
BRDA:590,0,1,6
BRDA:592,0,0,78
BRDA:592,0,1,274
BRDA:593,0,0,4
BRDA:593,0,1,74
BRDA:595,0,0,76
BRDA:595,0,1,198
BRDA:596,0,0,2
BRDA:596,0,1,74
BRDA:598,0,0,70
BRDA:598,0,1,128
BRDA:599,0,0,2
BRDA:599,0,1,68
BRDA:601,0,0,70
BRDA:601,0,1,58
BRDA:602,0,0,2
BRDA:602,0,1,68
BRDA:604,0,0,22
BRDA:604,0,1,36
BRDA:606,0,0,0
BRDA:606,0,1,36
BRDA:608,0,0,4
BRDA:608,0,1,32
BRDA:610,0,0,4
BRDA:610,0,1,0
BRDA:613,0,0,2
BRDA:613,0,1,30
BRDA:614,0,0,0
BRDA:614,0,1,2
BRDA:655,0,0,0
BRDA:655,0,1,110
BRDA:660,0,0,20
BRDA:660,0,1,90
BRDA:662,0,0,2
BRDA:662,0,1,18
BRDA:670,0,0,2
BRDA:670,0,1,106
BRDA:676,0,0,138
BRDA:676,0,1,24
BRDA:677,0,0,82
BRDA:677,0,1,56
BRDA:681,0,0,24
BRDA:681,0,1,82
BRDA:687,0,0,14
BRDA:687,0,1,68
BRDA:697,0,0,4
BRDA:697,0,1,78
BRDA:699,0,0,2
BRDA:699,0,1,2
BRDA:707,0,0,16
BRDA:707,0,1,62
BRDA:708,0,0,2
BRDA:708,0,1,14
BRDA:710,0,0,16
BRDA:710,0,1,46
BRDA:711,0,0,2
BRDA:711,0,1,14
BRDA:713,0,0,10
BRDA:713,0,1,36
BRDA:714,0,0,0
BRDA:714,0,1,10
BRDA:716,0,0,14
BRDA:716,0,1,22
BRDA:717,0,0,0
BRDA:717,0,1,14
BRDA:719,0,0,2
BRDA:719,0,1,20
BRDA:721,0,0,2
BRDA:721,0,1,0
BRDA:763,0,0,2
BRDA:763,0,1,42
BRDA:768,0,0,10
BRDA:768,0,1,32
BRDA:770,0,0,2
BRDA:770,0,1,8
BRDA:779,0,0,0
BRDA:779,0,1,40
BRDA:785,0,0,0
BRDA:785,0,1,40
BRDA:791,0,0,8
BRDA:791,0,1,32
BRDA:796,0,0,10
BRDA:796,0,1,30
BRDA:797,0,0,2
BRDA:797,0,1,8
BRDA:799,0,0,10
BRDA:799,0,1,20
BRDA:800,0,0,2
BRDA:800,0,1,8
BRDA:802,0,0,4
BRDA:802,0,1,16
BRDA:804,0,0,4
BRDA:804,0,1,12
BRDA:806,0,0,8
BRDA:806,0,1,4
BRDA:807,0,0,2
BRDA:807,0,1,6
BRDA:809,0,0,4
BRDA:809,0,1,0
BRDA:820,0,0,2
BRDA:820,0,1,76
BRDA:825,0,0,12
BRDA:825,0,1,64
BRDA:827,0,0,2
BRDA:827,0,1,10
BRDA:836,0,0,2
BRDA:836,0,1,72
BRDA:842,0,0,0
BRDA:842,0,1,72
BRDA:848,0,0,8
BRDA:848,0,1,64
BRDA:853,0,0,8
BRDA:853,0,1,64
BRDA:855,0,0,10
BRDA:855,0,1,54
BRDA:856,0,0,2
BRDA:856,0,1,8
BRDA:858,0,0,10
BRDA:858,0,1,44
BRDA:859,0,0,2
BRDA:859,0,1,8
BRDA:861,0,0,6
BRDA:861,0,1,38
BRDA:863,0,0,10
BRDA:863,0,1,28
BRDA:864,0,0,2
BRDA:864,0,1,8
BRDA:866,0,0,10
BRDA:866,0,1,18
BRDA:867,0,0,2
BRDA:867,0,1,8
BRDA:869,0,0,6
BRDA:869,0,1,12
BRDA:871,0,0,6
BRDA:871,0,1,6
BRDA:873,0,0,6
BRDA:873,0,1,0
BRDA:891,0,0,0
BRDA:891,0,1,4
BRDA:901,0,0,6
BRDA:901,0,1,2
BRDA:905,0,0,2
BRDA:905,0,1,4
BRDA:927,0,0,2
BRDA:927,0,1,8
BRDA:927,0,2,2
BRDA:927,0,3,0
BRDA:932,0,0,4
BRDA:932,0,1,4
BRDA:934,0,0,0
BRDA:934,0,1,4
BRDA:943,0,0,4
BRDA:943,0,1,4
BRDA:945,0,0,4
BRDA:945,0,1,0
BRDA:947,0,0,4
BRDA:947,0,1,0
BRDA:964,0,0,468
BRDA:964,0,1,790
BRDA:964,0,2,4
BRDA:964,0,3,464
BRDA:966,0,0,464
BRDA:966,0,1,790
BRDA:966,0,2,4
BRDA:966,0,3,460
BRDA:968,0,0,460
BRDA:968,0,1,790
BRDA:968,0,2,4
BRDA:968,0,3,456
BRDA:970,0,0,4
BRDA:970,0,1,0
BRDA:972,0,0,456
BRDA:972,0,1,790
BRDA:972,0,2,80
BRDA:972,0,3,376
BRDA:974,0,0,376
BRDA:974,0,1,790
BRDA:974,0,2,4
BRDA:974,0,3,372
BRDA:976,0,0,372
BRDA:976,0,1,790
BRDA:976,0,2,4
BRDA:976,0,3,368
BRDA:978,0,0,368
BRDA:978,0,1,790
BRDA:978,0,2,92
BRDA:978,0,3,276
BRDA:981,0,0,276
BRDA:981,0,1,790
BRDA:981,0,2,2
BRDA:981,0,3,274
BRDA:983,0,0,274
BRDA:983,0,1,790
BRDA:983,0,2,2
BRDA:983,0,3,272
BRDA:985,0,0,272
BRDA:985,0,1,790
BRDA:985,0,2,2
BRDA:985,0,3,270
BRDA:987,0,0,270
BRDA:987,0,1,790
BRDA:987,0,2,80
BRDA:987,0,3,190
BRDA:989,0,0,190
BRDA:989,0,1,790
BRDA:989,0,2,12
BRDA:989,0,3,178
BRDA:991,0,0,178
BRDA:991,0,1,790
BRDA:991,0,2,14
BRDA:991,0,3,164
BRDA:993,0,0,164
BRDA:993,0,1,790
BRDA:993,0,2,44
BRDA:993,0,3,120
BRDA:995,0,0,120
BRDA:995,0,1,790
BRDA:995,0,2,44
BRDA:995,0,3,76
BRDA:997,0,0,76
BRDA:997,0,1,790
BRDA:997,0,2,4
BRDA:997,0,3,72
BRDA:999,0,0,72
BRDA:999,0,1,790
BRDA:999,0,2,0
BRDA:999,0,3,72
BRDA:1001,0,0,72
BRDA:1001,0,1,790
BRDA:1001,0,2,12
BRDA:1001,0,3,60
BRDA:1003,0,0,60
BRDA:1003,0,1,790
BRDA:1003,0,2,20
BRDA:1003,0,3,40
BRDA:1005,0,0,40
BRDA:1005,0,1,790
BRDA:1005,0,2,18
BRDA:1005,0,3,22
BRDA:1007,0,0,22
BRDA:1007,0,1,790
BRDA:1007,0,2,18
BRDA:1007,0,3,4
BRDA:1009,0,0,4
BRDA:1009,0,1,790
BRDA:1009,0,2,4
BRDA:1009,0,3,0
BRDA:1011,0,0,38
BRDA:1011,0,1,752
BRDA:1011,0,2,12
BRDA:1011,0,3,26
BRDA:1013,0,0,26
BRDA:1013,0,1,752
BRDA:1013,0,2,0
BRDA:1013,0,3,26
BRDA:1015,0,0,26
BRDA:1015,0,1,752
BRDA:1015,0,2,0
BRDA:1015,0,3,26
BRDA:1017,0,0,26
BRDA:1017,0,1,752
BRDA:1017,0,2,0
BRDA:1017,0,3,26
BRDA:1019,0,0,26
BRDA:1019,0,1,752
BRDA:1019,0,2,2
BRDA:1019,0,3,24
BRDA:1021,0,0,24
BRDA:1021,0,1,752
BRDA:1021,0,2,12
BRDA:1021,0,3,12
BRDA:1023,0,0,12
BRDA:1023,0,1,752
BRDA:1023,0,2,10
BRDA:1023,0,3,2
BRDA:1025,0,0,2
BRDA:1025,0,1,752
BRDA:1025,0,2,2
BRDA:1025,0,3,0
BRDA:1027,0,0,94
BRDA:1027,0,1,658
BRDA:1028,0,0,34
BRDA:1028,0,1,60
BRDA:1030,0,0,18
BRDA:1030,0,1,42
BRDA:1032,0,0,18
BRDA:1032,0,1,24
BRDA:1034,0,0,0
BRDA:1034,0,1,24
BRDA:1039,0,0,34
BRDA:1039,0,1,624
BRDA:1041,0,0,368
BRDA:1041,0,1,256
BRDA:1043,0,0,110
BRDA:1043,0,1,146
BRDA:1045,0,0,44
BRDA:1045,0,1,102
BRDA:1047,0,0,78
BRDA:1047,0,1,24
BRDA:1049,0,0,10
BRDA:1049,0,1,14
BRDA:1050,0,0,0
BRDA:1050,0,1,10
BRDA:1052,0,0,0
BRDA:1052,0,1,10
BRDA:1054,0,0,2
BRDA:1054,0,1,8
BRDA:1056,0,0,0
BRDA:1056,0,1,8
BRDA:1058,0,0,2
BRDA:1058,0,1,6
BRDA:1061,0,0,10
BRDA:1061,0,1,4
BRDA:1075,0,0,0
BRDA:1075,0,1,54
BRDA:1078,0,0,52
BRDA:1078,0,1,2
BRDA:1082,0,0,52
BRDA:1082,0,1,2
BRDA:1086,0,0,4
BRDA:1086,0,1,50
BRDA:1090,0,0,4
BRDA:1090,0,1,50
BRDA:1094,0,0,54
BRDA:1094,0,1,0
BRDA:1098,0,0,2
BRDA:1098,0,1,52
BRDA:1102,0,0,2
BRDA:1102,0,1,52
BRDA:1106,0,0,2
BRDA:1106,0,1,52
BRDA:1110,0,0,4
BRDA:1110,0,1,2
BRDA:1116,0,0,8
BRDA:1116,0,1,46
BRDA:1117,0,0,8
BRDA:1117,0,1,8
BRDA:1121,0,0,4
BRDA:1121,0,1,4
BRDA:1126,0,0,4
BRDA:1126,0,1,4
BRDA:1131,0,0,4
BRDA:1131,0,1,4
BRDA:1136,0,0,6
BRDA:1136,0,1,2
BRDA:1145,0,0,6
BRDA:1145,0,1,2
BRDA:1151,0,0,8
BRDA:1151,0,1,46
BRDA:1152,0,0,8
BRDA:1152,0,1,8
BRDA:1160,0,0,8
BRDA:1160,0,1,0
BRDA:1166,0,0,0
BRDA:1166,0,1,8
BRDA:1172,0,0,8
BRDA:1172,0,1,0
BRDA:1178,0,0,8
BRDA:1178,0,1,0
BRDA:1184,0,0,6
BRDA:1184,0,1,2
BRDA:1190,0,0,6
BRDA:1190,0,1,2
BRDA:1196,0,0,6
BRDA:1196,0,1,2
BRDA:1207,0,0,266
BRDA:1207,0,1,54
BRDA:1220,0,0,122
BRDA:1220,0,1,100
BRDA:1221,0,0,98
BRDA:1221,0,1,10
BRDA:1221,0,2,14
BRDA:1221,0,3,0
BRDA:1224,0,0,98
BRDA:1224,0,1,0
BRDA:1231,0,0,0
BRDA:1231,0,1,14
BRDA:1239,0,0,86
BRDA:1239,0,1,14
BRDA:1243,0,0,90
BRDA:1243,0,1,10
BRDA:1244,0,0,88
BRDA:1244,0,1,2
BRDA:1245,0,0,2
BRDA:1245,0,1,86
BRDA:1250,0,0,88
BRDA:1250,0,1,10
BRDA:1261,0,0,12
BRDA:1261,0,1,48
BRDA:1261,0,2,0
BRDA:1261,0,3,12
BRDA:1266,0,0,12
BRDA:1266,0,1,48
BRDA:1267,0,0,4
BRDA:1267,0,1,8
BRDA:1268,0,0,2
BRDA:1268,0,1,2
BRDA:1275,0,0,2
BRDA:1275,0,1,56
BRDA:1276,0,0,2
BRDA:1276,0,1,0
BRDA:1277,0,0,2
BRDA:1277,0,1,0
BRDA:1278,0,0,0
BRDA:1278,0,1,2
BRDA:1285,0,0,58
BRDA:1285,0,1,0
BRDA:1287,0,0,58
BRDA:1287,0,1,0
BRDA:1289,0,0,0
BRDA:1289,0,1,58
BRDA:1289,0,2,0
BRDA:1289,0,3,0
BRDA:1302,0,0,58
BRDA:1302,0,1,54
BRDA:1305,0,0,0
BRDA:1305,0,1,58
BRDA:1306,0,0,0
BRDA:1306,0,1,58
BRDA:1307,0,0,2
BRDA:1307,0,1,56
BRDA:1308,0,0,0
BRDA:1308,0,1,56
BRDA:1311,0,0,90
BRDA:1311,0,1,56
BRDA:1313,0,0,0
BRDA:1313,0,1,90
BRDA:1323,0,0,10
BRDA:1323,0,1,46
BRDA:1324,0,0,4
BRDA:1324,0,1,6
BRDA:1328,0,0,6
BRDA:1328,0,1,4
BRDA:1329,0,0,2
BRDA:1329,0,1,4
BRDA:1333,0,0,2
BRDA:1333,0,1,2
BRDA:1378,0,0,100
BRDA:1378,0,1,0
BRDA:1379,0,0,100
BRDA:1379,0,1,0
BRDA:1380,0,0,100
BRDA:1380,0,1,0
BRDA:1381,0,0,0
BRDA:1381,0,1,100
BRDA:1388,0,0,2
BRDA:1388,0,1,98
BRDA:1394,0,0,38
BRDA:1394,0,1,60
BRDA:1395,0,0,4
BRDA:1395,0,1,0
BRDA:1395,0,2,34
BRDA:1408,0,0,6
BRDA:1408,0,1,54
BRDA:1412,0,0,0
BRDA:1412,0,1,54
BRDA:1440,0,0,58
BRDA:1440,0,1,212
BRDA:1446,0,0,58
BRDA:1446,0,1,0
BRDA:1446,0,2,34
BRDA:1446,0,3,24
BRDA:1449,0,0,58
BRDA:1449,0,1,0
BRDA:1450,0,0,58
BRDA:1450,0,1,0
BRDA:1460,0,0,0
BRDA:1460,0,1,2304
BRDA:1461,0,0,72
BRDA:1461,0,1,2232
BRDA:1462,0,0,6
BRDA:1462,0,1,2298
BRDA:1463,0,0,72
BRDA:1463,0,1,2232
BRDA:1464,0,0,72
BRDA:1464,0,1,2232
BRDA:1465,0,0,66
BRDA:1465,0,1,2238
BRDA:1466,0,0,66
BRDA:1466,0,1,2238
BRDA:1467,0,0,2
BRDA:1467,0,1,2302
BRDA:1468,0,0,4
BRDA:1468,0,1,2300
BRDA:1469,0,0,4
BRDA:1469,0,1,2300
BRDA:1493,0,0,0
BRDA:1493,0,1,2304
BRDA:1506,0,0,0
BRDA:1506,0,1,2304
BRDA:1507,0,0,14
BRDA:1507,0,1,2290
BRDA:1508,0,0,0
BRDA:1508,0,1,2304
BRDA:1509,0,0,14
BRDA:1509,0,1,2290
BRDA:1510,0,0,14
BRDA:1510,0,1,2290
BRDA:1511,0,0,10
BRDA:1511,0,1,2294
BRDA:1512,0,0,14
BRDA:1512,0,1,2290
BRDA:1513,0,0,0
BRDA:1513,0,1,2304
BRDA:1514,0,0,2
BRDA:1514,0,1,2302
BRDA:1515,0,0,2
BRDA:1515,0,1,2302
BRDA:1533,0,0,0
BRDA:1533,0,1,256
BRDA:1534,0,0,8
BRDA:1534,0,1,248
BRDA:1535,0,0,8
BRDA:1535,0,1,248
BRDA:1536,0,0,8
BRDA:1536,0,1,248
BRDA:1537,0,0,6
BRDA:1537,0,1,250
BRDA:1543,0,0,0
BRDA:1543,0,1,320
BRDA:1544,0,0,8
BRDA:1544,0,1,312
BRDA:1545,0,0,8
BRDA:1545,0,1,312
BRDA:1546,0,0,8
BRDA:1546,0,1,312
BRDA:1547,0,0,8
BRDA:1547,0,1,312
BRDA:1548,0,0,8
BRDA:1548,0,1,312
BRDA:1555,0,0,266
BRDA:1555,0,1,106
BRDA:1556,0,0,266
BRDA:1556,0,1,0
BRDA:1564,0,0,98
BRDA:1564,0,1,8
BRDA:1568,0,0,98
BRDA:1568,0,1,8
BRDA:1572,0,0,90
BRDA:1572,0,1,16
BRDA:1576,0,0,78
BRDA:1576,0,1,28
BRDA:1580,0,0,2
BRDA:1580,0,1,104
BRDA:1584,0,0,2
BRDA:1584,0,1,104
BRDA:1588,0,0,2
BRDA:1588,0,1,104
BRDA:1592,0,0,88
BRDA:1592,0,1,18
BRDA:1596,0,0,76
BRDA:1596,0,1,30
BRDA:1602,0,0,72
BRDA:1602,0,1,34
BRDA:1603,0,0,2304
BRDA:1603,0,1,72
BRDA:1611,0,0,18
BRDA:1611,0,1,88
BRDA:1612,0,0,2304
BRDA:1612,0,1,18
BRDA:1620,0,0,8
BRDA:1620,0,1,98
BRDA:1621,0,0,256
BRDA:1621,0,1,8
BRDA:1629,0,0,10
BRDA:1629,0,1,96
BRDA:1630,0,0,320
BRDA:1630,0,1,10
BRDA:1638,0,0,4
BRDA:1638,0,1,102
BRDA:1639,0,0,4
BRDA:1639,0,1,0
BRDA:1648,0,0,2
BRDA:1648,0,1,104
BRDA:1652,0,0,12
BRDA:1652,0,1,94
BRDA:1656,0,0,10
BRDA:1656,0,1,96
BRDA:1660,0,0,2
BRDA:1660,0,1,104
BRDA:1666,0,0,58
BRDA:1666,0,1,48
BRDA:1675,0,0,98
BRDA:1675,0,1,8
BRF:717
BRH:612
DA:58,84
DA:62,84
DA:63,82
DA:64,2
DA:65,2
DA:67,0
DA:68,84
DA:72,92
DA:74,92
DA:75,92
DA:79,92
DA:80,92
DA:82,92
DA:83,0
DA:85,92
DA:86,92
DA:87,2
DA:88,2
DA:90,90
DA:96,90
DA:97,0
DA:98,90
DA:99,2
DA:100,26
DA:102,90
DA:103,90
DA:104,0
DA:106,90
DA:107,2
DA:109,172
DA:110,88
DA:111,88
DA:112,4
DA:114,84
DA:115,420
DA:116,336
DA:117,140
DA:118,140
DA:119,80
DA:120,80
DA:121,80
DA:122,80
DA:124,80
DA:126,140
DA:131,84
DA:132,0
DA:133,0
DA:135,84
DA:136,4
DA:138,80
DA:140,80
DA:144,34
DA:146,34
DA:147,0
DA:148,34
DA:149,0
DA:150,34
DA:151,184
DA:152,150
DA:153,34
DA:157,58
DA:161,58
DA:162,58
DA:163,0
DA:164,0
DA:167,58
DA:168,58
DA:170,58
DA:171,24
DA:173,24
DA:174,24
DA:175,34
DA:176,34
DA:178,34
DA:179,34
DA:180,16
DA:181,16
DA:182,16
DA:183,16
DA:185,18
DA:186,18
DA:187,18
DA:188,18
DA:191,0
DA:192,0
DA:195,0
DA:196,0
DA:197,0
DA:200,58
DA:201,36
DA:202,36
DA:204,22
DA:205,22
DA:208,58
DA:213,130
DA:215,130
DA:216,130
DA:219,130
DA:223,40
DA:226,38
DA:230,0
DA:234,26
DA:236,26
DA:240,120
DA:242,120
DA:243,120
DA:246,150
DA:248,150
DA:249,150
DA:250,150
DA:251,150
DA:253,150
DA:254,150
DA:258,122
DA:262,122
DA:264,122
DA:265,122
DA:267,122
DA:268,122
DA:269,266
DA:270,146
DA:271,146
DA:272,146
DA:273,142
DA:274,142
DA:275,142
DA:276,2
DA:277,2
DA:279,140
DA:280,0
DA:281,0
DA:283,140
DA:285,4
DA:286,4
DA:287,4
DA:288,4
DA:289,4
DA:290,0
DA:291,0
DA:293,4
DA:294,4
DA:295,0
DA:296,0
DA:298,12
DA:299,8
DA:300,0
DA:301,0
DA:303,8
DA:307,120
DA:308,0
DA:309,0
DA:311,120
DA:312,120
DA:313,120
DA:317,22
DA:319,22
DA:320,22
DA:321,22
DA:325,80
DA:329,80
DA:331,80
DA:332,80
DA:334,78
DA:336,78
DA:337,0
DA:338,0
DA:340,78
DA:342,78
DA:343,78
DA:344,78
DA:345,78
DA:349,0
DA:353,0
DA:355,0
DA:356,0
DA:358,0
DA:360,0
DA:361,0
DA:362,0
DA:364,0
DA:366,0
DA:367,0
DA:369,0
DA:373,20
DA:375,20
DA:376,20
DA:377,20
DA:381,6
DA:388,6
DA:389,4
DA:390,2
DA:391,2
DA:393,0
DA:394,0
DA:397,6
DA:398,6
DA:399,0
DA:401,0
DA:404,6
DA:406,6
DA:407,6
DA:408,0
DA:409,0
DA:412,6
DA:414,6
DA:415,4
DA:416,4
DA:417,2
DA:418,2
DA:419,2
DA:422,6
DA:424,0
DA:425,0
DA:542,368
DA:545,368
DA:546,0
DA:547,0
DA:550,368
DA:551,76
DA:552,76
DA:553,2
DA:554,2
DA:558,150
DA:559,76
DA:561,76
DA:562,76
DA:563,76
DA:564,76
DA:565,76
DA:567,74
DA:571,366
DA:572,366
DA:573,2
DA:574,2
DA:578,364
DA:579,4
DA:580,4
DA:583,360
DA:584,360
DA:585,74
DA:586,74
DA:589,360
DA:590,8
DA:591,8
DA:592,352
DA:593,78
DA:594,78
DA:595,274
DA:596,76
DA:597,76
DA:598,198
DA:599,70
DA:600,70
DA:601,128
DA:602,70
DA:603,70
DA:604,58
DA:605,22
DA:606,36
DA:607,0
DA:608,36
DA:609,4
DA:610,4
DA:611,4
DA:613,32
DA:614,2
DA:615,2
DA:646,334
DA:650,110
DA:655,110
DA:656,0
DA:657,0
DA:660,110
DA:661,20
DA:662,20
DA:663,2
DA:664,2
DA:666,18
DA:669,108
DA:670,108
DA:671,2
DA:672,2
DA:676,162
DA:677,138
DA:678,82
DA:681,106
DA:682,24
DA:683,24
DA:686,82
DA:687,82
DA:688,14
DA:689,14
DA:690,14
DA:697,82
DA:698,4
DA:699,4
DA:700,2
DA:701,2
DA:703,2
DA:704,2
DA:705,2
DA:706,2
DA:707,78
DA:708,16
DA:709,16
DA:710,62
DA:711,16
DA:712,16
DA:713,46
DA:714,10
DA:715,10
DA:716,36
DA:717,14
DA:718,14
DA:719,22
DA:720,2
DA:721,2
DA:722,2
DA:756,78
DA:760,44
DA:763,44
DA:764,2
DA:765,2
DA:768,42
DA:769,10
DA:770,10
DA:771,2
DA:772,2
DA:774,8
DA:778,40
DA:779,40
DA:780,0
DA:781,0
DA:785,40
DA:786,0
DA:787,0
DA:790,40
DA:791,40
DA:792,8
DA:793,8
DA:796,40
DA:797,10
DA:798,10
DA:799,30
DA:800,10
DA:801,10
DA:802,20
DA:803,4
DA:804,16
DA:805,4
DA:806,12
DA:807,8
DA:808,8
DA:809,4
DA:810,4
DA:813,40
DA:817,78
DA:820,78
DA:821,2
DA:822,2
DA:825,76
DA:826,12
DA:827,12
DA:828,2
DA:829,2
DA:831,10
DA:835,74
DA:836,74
DA:837,2
DA:838,2
DA:842,72
DA:843,0
DA:844,0
DA:847,72
DA:848,72
DA:849,8
DA:850,8
DA:853,72
DA:854,8
DA:855,64
DA:856,10
DA:857,10
DA:858,54
DA:859,10
DA:860,10
DA:861,44
DA:862,6
DA:863,38
DA:864,10
DA:865,10
DA:866,28
DA:867,10
DA:868,10
DA:869,18
DA:870,6
DA:871,12
DA:872,6
DA:873,6
DA:874,6
DA:877,72
DA:881,4
DA:888,4
DA:890,4
DA:891,4
DA:892,0
DA:894,0
DA:897,4
DA:899,4
DA:901,8
DA:902,6
DA:904,6
DA:905,6
DA:906,2
DA:908,2
DA:912,4
DA:913,4
DA:914,4
DA:915,4
DA:918,2
DA:920,2
DA:924,10
DA:927,10
DA:928,2
DA:929,2
DA:932,8
DA:933,4
DA:934,4
DA:935,0
DA:936,0
DA:938,4
DA:941,8
DA:943,8
DA:944,4
DA:945,4
DA:946,4
DA:947,4
DA:948,4
DA:952,4
DA:956,1258
DA:959,1258
DA:961,1258
DA:964,1258
DA:965,4
DA:966,1254
DA:967,4
DA:968,1250
DA:970,4
DA:971,4
DA:972,1246
DA:973,80
DA:974,1166
DA:975,4
DA:976,1162
DA:977,4
DA:978,1158
DA:979,92
DA:980,92
DA:981,1066
DA:982,2
DA:983,1064
DA:984,2
DA:985,1062
DA:986,2
DA:987,1060
DA:988,80
DA:989,980
DA:990,12
DA:991,968
DA:992,14
DA:993,954
DA:994,44
DA:995,910
DA:996,44
DA:997,866
DA:998,4
DA:999,862
DA:1000,0
DA:1001,862
DA:1002,12
DA:1003,850
DA:1004,20
DA:1005,830
DA:1006,18
DA:1007,812
DA:1008,18
DA:1009,794
DA:1010,4
DA:1011,790
DA:1012,12
DA:1013,778
DA:1014,0
DA:1015,778
DA:1016,0
DA:1017,778
DA:1018,0
DA:1019,778
DA:1020,2
DA:1021,776
DA:1022,12
DA:1023,764
DA:1024,10
DA:1025,754
DA:1026,2
DA:1027,752
DA:1028,94
DA:1029,34
DA:1030,60
DA:1031,18
DA:1032,42
DA:1033,18
DA:1034,24
DA:1035,0
DA:1037,24
DA:1039,658
DA:1040,34
DA:1041,624
DA:1042,368
DA:1043,256
DA:1044,110
DA:1045,146
DA:1046,44
DA:1047,102
DA:1048,78
DA:1049,24
DA:1050,10
DA:1051,0
DA:1052,10
DA:1053,0
DA:1054,10
DA:1055,2
DA:1056,8
DA:1057,0
DA:1058,8
DA:1059,2
DA:1061,14
DA:1062,10
DA:1065,398
DA:1069,54
DA:1071,54
DA:1072,54
DA:1073,54
DA:1075,54
DA:1076,0
DA:1078,54
DA:1079,52
DA:1080,52
DA:1082,54
DA:1083,52
DA:1084,52
DA:1086,54
DA:1087,4
DA:1088,4
DA:1090,54
DA:1091,4
DA:1092,4
DA:1094,54
DA:1095,54
DA:1096,54
DA:1098,54
DA:1099,2
DA:1100,2
DA:1102,54
DA:1103,2
DA:1104,2
DA:1106,54
DA:1108,2
DA:1110,6
DA:1111,4
DA:1112,4
DA:1116,54
DA:1117,16
DA:1118,8
DA:1119,8
DA:1120,8
DA:1121,8
DA:1122,4
DA:1123,4
DA:1124,4
DA:1126,8
DA:1127,4
DA:1128,4
DA:1129,4
DA:1131,8
DA:1132,4
DA:1133,4
DA:1134,4
DA:1136,8
DA:1137,6
DA:1138,6
DA:1139,6
DA:1141,8
DA:1143,8
DA:1144,8
DA:1145,8
DA:1146,6
DA:1147,6
DA:1151,54
DA:1152,16
DA:1153,8
DA:1154,8
DA:1155,8
DA:1156,8
DA:1157,8
DA:1158,8
DA:1160,8
DA:1161,8
DA:1162,8
DA:1163,8
DA:1166,8
DA:1167,0
DA:1168,0
DA:1169,0
DA:1172,8
DA:1173,8
DA:1174,8
DA:1175,8
DA:1178,8
DA:1179,8
DA:1180,8
DA:1181,8
DA:1184,8
DA:1185,6
DA:1186,6
DA:1187,6
DA:1190,8
DA:1191,6
DA:1192,6
DA:1193,6
DA:1196,8
DA:1197,6
DA:1198,6
DA:1199,6
DA:1201,8
DA:1205,54
DA:1207,320
DA:1208,266
DA:1209,54
DA:1211,54
DA:1215,100
DA:1218,100
DA:1219,100
DA:1220,222
DA:1221,122
DA:1222,98
DA:1224,98
DA:1225,98
DA:1226,98
DA:1227,10
DA:1228,10
DA:1229,10
DA:1230,14
DA:1231,14
DA:1232,14
DA:1233,14
DA:1234,0
DA:1235,0
DA:1239,100
DA:1240,86
DA:1243,100
DA:1244,90
DA:1245,88
DA:1246,2
DA:1247,2
DA:1250,98
DA:1251,88
DA:1252,88
DA:1255,98
DA:1259,60
DA:1261,60
DA:1262,0
DA:1263,0
DA:1266,60
DA:1267,12
DA:1268,4
DA:1269,2
DA:1271,2
DA:1275,58
DA:1276,2
DA:1277,2
DA:1278,2
DA:1279,0
DA:1281,0
DA:1285,58
DA:1286,58
DA:1287,58
DA:1288,58
DA:1289,58
DA:1290,58
DA:1302,112
DA:1303,58
DA:1304,58
DA:1305,58
DA:1306,58
DA:1307,58
DA:1308,56
DA:1311,146
DA:1312,90
DA:1313,90
DA:1314,90
DA:1315,0
DA:1316,0
DA:1323,56
DA:1324,10
DA:1325,4
DA:1327,4
DA:1328,10
DA:1329,6
DA:1330,2
DA:1333,4
DA:1334,2
DA:1336,2
DA:1337,2
DA:1342,54
DA:1346,100
DA:1348,100
DA:1351,100
DA:1353,100
DA:1354,100
DA:1355,100
DA:1356,100
DA:1363,100
DA:1364,100
DA:1365,100
DA:1366,100
DA:1368,100
DA:1369,100
DA:1370,100
DA:1373,100
DA:1378,100
DA:1379,100
DA:1380,100
DA:1381,100
DA:1382,0
DA:1385,100
DA:1387,100
DA:1388,100
DA:1389,2
DA:1392,98
DA:1394,98
DA:1395,38
DA:1396,4
DA:1397,4
DA:1398,4
DA:1399,0
DA:1400,0
DA:1401,0
DA:1402,34
DA:1403,34
DA:1405,38
DA:1408,60
DA:1409,6
DA:1412,54
DA:1413,0
DA:1416,54
DA:1437,212
DA:1439,212
DA:1440,270
DA:1441,58
DA:1446,58
DA:1447,34
DA:1449,58
DA:1450,58
DA:1451,58
DA:1452,58
DA:1454,212
DA:1455,212
DA:1458,2304
DA:1460,2304
DA:1461,2304
DA:1462,2304
DA:1463,2304
DA:1464,2304
DA:1465,2304
DA:1466,2304
DA:1467,2304
DA:1468,2304
DA:1469,2304
DA:1473,4
DA:1474,4
DA:1476,2304
DA:1493,2304
DA:1494,0
DA:1495,0
DA:1504,2304
DA:1506,2304
DA:1507,2304
DA:1508,2304
DA:1509,2304
DA:1510,2304
DA:1511,2304
DA:1512,2304
DA:1513,2304
DA:1514,2304
DA:1515,2304
DA:1516,2
DA:1517,2
DA:1519,2304
DA:1531,256
DA:1533,256
DA:1534,256
DA:1535,256
DA:1536,256
DA:1537,256
DA:1541,320
DA:1543,320
DA:1544,320
DA:1545,320
DA:1546,320
DA:1547,320
DA:1548,320
DA:1552,106
DA:1555,372
DA:1556,266
DA:1557,266
DA:1558,266
DA:1561,106
DA:1564,106
DA:1565,98
DA:1566,98
DA:1568,106
DA:1569,98
DA:1570,98
DA:1572,106
DA:1573,90
DA:1574,90
DA:1576,106
DA:1577,78
DA:1578,78
DA:1580,106
DA:1581,2
DA:1582,2
DA:1584,106
DA:1585,2
DA:1586,2
DA:1588,106
DA:1589,2
DA:1590,2
DA:1592,106
DA:1593,88
DA:1594,88
DA:1596,106
DA:1597,76
DA:1598,76
DA:1602,106
DA:1603,2376
DA:1604,2304
DA:1606,72
DA:1607,72
DA:1611,106
DA:1612,2322
DA:1613,2304
DA:1615,18
DA:1616,18
DA:1620,106
DA:1621,264
DA:1622,256
DA:1624,8
DA:1625,8
DA:1629,106
DA:1630,330
DA:1631,320
DA:1633,10
DA:1634,10
DA:1638,106
DA:1639,4
DA:1640,4
DA:1641,4
DA:1643,4
DA:1644,4
DA:1648,106
DA:1649,2
DA:1650,2
DA:1652,106
DA:1653,12
DA:1654,12
DA:1656,106
DA:1657,10
DA:1658,10
DA:1660,106
DA:1661,2
DA:1662,2
DA:1666,106
DA:1667,58
DA:1668,58
DA:1675,106
DA:1676,98
DA:1677,98
DA:1681,106
DA:1682,106
DA:1683,106
LF:890
LH:800
end_of_record
TN:
SF:/data/workspace/f-stack/lib/ff_dpdk_if.c
FN:1357,1491,ff_dpdk_init
FN:1494,1541,ff_veth_input
FN:1544,1593,protocol_filter
FN:1596,1614,pktmbuf_deep_attach
FN:1618,1653,pktmbuf_deep_clone
FN:1656,1671,ff_add_vlan_tag
FN:1674,1813,process_packets
FN:175,179,ff_hardclock_job
FN:1816,1829,process_dispatch_ring
FN:182,196,ff_dpdk_register_if
FN:1832,1843,handle_sysctl_msg
FN:1846,1871,handle_ioctl_msg
FN:1874,1883,handle_route_msg
FN:1886,1890,handle_top_msg
FN:1946,1950,handle_traffic_msg
FN:1952,1955,ff_get_traffic
FN:199,202,ff_dpdk_deregister_if
FN:1991,1994,handle_default_msg
FN:1997,2047,handle_msg
FN:205,261,check_all_ports_link_status
FN:2050,2067,process_msg_ring
FN:2071,2109,send_burst
FN:2113,2131,send_single_packet
FN:2134,2275,ff_dpdk_if_send
FN:2278,2319,ff_dpdk_raw_packet_send
FN:2322,2487,main_loop
FN:2490,2504,ff_dpdk_if_up
FN:2507,2525,ff_dpdk_run
FN:2528,2530,ff_dpdk_stop
FN:2533,2536,ff_dpdk_pktmbuf_free
FN:2539,2559,toeplitz_hash
FN:2562,2580,ff_in_pcbladdr
FN:2583,2586,ff_regist_pcblddr_fun
FN:2589,2725,ff_rss_tbl_init
FN:264,331,init_lcore_conf
FN:2728,2784,ff_rss_tbl_set_portrange
FN:2787,2839,ff_rss_tbl_get_portrange
FN:2842,2877,ff_rss_check
FN:2880,2883,ff_regist_packet_dispatcher
FN:2886,2889,ff_regist_packet_dispatcher_context
FN:2892,2897,ff_get_tsc_ns
FN:334,401,init_mem_pool
FN:404,423,create_ring
FN:426,467,init_dispatch_ring
FN:470,480,ff_msg_init
FN:483,523,init_msg_ring
FN:573,595,set_rss_table
FN:599,904,init_port_start
FN:907,922,init_clock
FN:925,928,stop_clock
FNDA:2,ff_dpdk_init
FNDA:64,ff_veth_input
FNDA:64,protocol_filter
FNDA:0,pktmbuf_deep_attach
FNDA:0,pktmbuf_deep_clone
FNDA:0,ff_add_vlan_tag
FNDA:64,process_packets
FNDA:0,ff_hardclock_job
FNDA:2,process_dispatch_ring
FNDA:20,ff_dpdk_register_if
FNDA:0,handle_sysctl_msg
FNDA:0,handle_ioctl_msg
FNDA:0,handle_route_msg
FNDA:0,handle_top_msg
FNDA:0,handle_traffic_msg
FNDA:4,ff_get_traffic
FNDA:22,ff_dpdk_deregister_if
FNDA:0,handle_default_msg
FNDA:0,handle_msg
FNDA:2,check_all_ports_link_status
FNDA:2,process_msg_ring
FNDA:2,send_burst
FNDA:18,send_single_packet
FNDA:22,ff_dpdk_if_send
FNDA:4,ff_dpdk_raw_packet_send
FNDA:2,main_loop
FNDA:2,ff_dpdk_if_up
FNDA:2,ff_dpdk_run
FNDA:6,ff_dpdk_stop
FNDA:2,ff_dpdk_pktmbuf_free
FNDA:0,toeplitz_hash
FNDA:8,ff_in_pcbladdr
FNDA:14,ff_regist_pcblddr_fun
FNDA:0,ff_rss_tbl_init
FNDA:2,init_lcore_conf
FNDA:6,ff_rss_tbl_set_portrange
FNDA:6,ff_rss_tbl_get_portrange
FNDA:0,ff_rss_check
FNDA:4,ff_regist_packet_dispatcher
FNDA:4,ff_regist_packet_dispatcher_context
FNDA:8,ff_get_tsc_ns
FNDA:2,init_mem_pool
FNDA:22,create_ring
FNDA:2,init_dispatch_ring
FNDA:128,ff_msg_init
FNDA:2,init_msg_ring
FNDA:0,set_rss_table
FNDA:2,init_port_start
FNDA:2,init_clock
FNDA:2,stop_clock
FNF:50
FNH:35
BRDA:187,0,0,0
BRDA:187,0,1,20
BRDA:218,0,0,4
BRDA:218,0,1,0
BRDA:220,0,0,4
BRDA:220,0,1,4
BRDA:223,0,0,0
BRDA:223,0,1,4
BRDA:227,0,0,2
BRDA:227,0,1,2
BRDA:228,0,0,2
BRDA:228,0,1,0
BRDA:232,0,0,2
BRDA:232,0,1,0
BRDA:240,0,0,0
BRDA:240,0,1,2
BRDA:247,0,0,2
BRDA:247,0,1,2
BRDA:250,0,0,0
BRDA:250,0,1,2
BRDA:256,0,0,0
BRDA:256,0,1,2
BRDA:256,0,2,0
BRDA:256,0,3,0
BRDA:266,0,0,2
BRDA:266,0,1,0
BRDA:269,0,0,0
BRDA:269,0,1,2
BRDA:273,0,0,0
BRDA:273,0,1,2
BRDA:282,0,0,0
BRDA:282,0,1,2
BRDA:289,0,0,0
BRDA:289,0,1,2
BRDA:294,0,0,2
BRDA:294,0,1,2
BRDA:300,0,0,2
BRDA:300,0,1,2
BRDA:301,0,0,2
BRDA:301,0,1,0
BRDA:305,0,0,0
BRDA:305,0,1,2
BRDA:319,0,0,0
BRDA:319,0,1,2
BRDA:326,0,0,0
BRDA:326,0,1,2
BRDA:358,0,0,2
BRDA:358,0,1,2
BRDA:360,0,0,0
BRDA:360,0,1,2
BRDA:364,0,0,0
BRDA:364,0,1,2
BRDA:369,0,0,0
BRDA:369,0,1,2
BRDA:373,0,0,2
BRDA:373,0,1,0
BRDA:384,0,0,0
BRDA:384,0,1,2
BRDA:408,0,0,0
BRDA:408,0,1,22
BRDA:412,0,0,22
BRDA:412,0,1,0
BRDA:418,0,0,0
BRDA:418,0,1,22
BRDA:436,0,0,2
BRDA:436,0,1,2
BRDA:440,0,0,2
BRDA:440,0,1,0
BRDA:446,0,0,0
BRDA:446,0,1,2
BRDA:452,0,0,2
BRDA:452,0,1,2
BRDA:458,0,0,0
BRDA:458,0,1,2
BRDA:490,0,0,2
BRDA:490,0,1,0
BRDA:500,0,0,0
BRDA:500,0,1,2
BRDA:504,0,0,2
BRDA:504,0,1,2
BRDA:509,0,0,0
BRDA:509,0,1,2
BRDA:512,0,0,18
BRDA:512,0,1,2
BRDA:517,0,0,0
BRDA:517,0,1,18
BRDA:575,0,0,-
BRDA:575,0,1,-
BRDA:584,0,0,-
BRDA:584,0,1,-
BRDA:586,0,0,-
BRDA:586,0,1,-
BRDA:591,0,0,-
BRDA:591,0,1,-
BRDA:613,0,0,2
BRDA:613,0,1,2
BRDA:619,0,0,2
BRDA:619,0,1,0
BRDA:625,0,0,0
BRDA:625,0,1,2
BRDA:635,0,0,2
BRDA:635,0,1,2
BRDA:636,0,0,0
BRDA:636,0,1,2
BRDA:651,0,0,0
BRDA:651,0,1,2
BRDA:656,0,0,0
BRDA:656,0,1,2
BRDA:662,0,0,0
BRDA:662,0,1,2
BRDA:674,0,0,2
BRDA:674,0,1,0
BRDA:675,0,0,0
BRDA:675,0,1,2
BRDA:679,0,0,2
BRDA:679,0,1,0
BRDA:683,0,0,2
BRDA:683,0,1,0
BRDA:683,0,2,0
BRDA:698,0,0,0
BRDA:698,0,1,2
BRDA:698,0,2,0
BRDA:698,0,3,0
BRDA:705,0,0,0
BRDA:705,0,1,2
BRDA:714,0,0,0
BRDA:714,0,1,2
BRDA:720,0,0,0
BRDA:720,0,1,2
BRDA:721,0,0,-
BRDA:721,0,1,-
BRDA:739,0,0,0
BRDA:739,0,1,2
BRDA:740,0,0,-
BRDA:740,0,1,-
BRDA:741,0,0,-
BRDA:741,0,1,-
BRDA:747,0,0,0
BRDA:747,0,1,2
BRDA:752,0,0,2
BRDA:752,0,1,0
BRDA:753,0,0,0
BRDA:753,0,1,2
BRDA:759,0,0,0
BRDA:759,0,1,2
BRDA:760,0,0,-
BRDA:760,0,1,-
BRDA:769,0,0,0
BRDA:769,0,1,2
BRDA:770,0,0,-
BRDA:770,0,1,-
BRDA:782,0,0,2
BRDA:782,0,1,0
BRDA:784,0,0,0
BRDA:784,0,1,2
BRDA:792,0,0,0
BRDA:792,0,1,2
BRDA:797,0,0,0
BRDA:797,0,1,2
BRDA:804,0,0,0
BRDA:804,0,1,2
BRDA:809,0,0,2
BRDA:809,0,1,2
BRDA:810,0,0,0
BRDA:810,0,1,2
BRDA:820,0,0,0
BRDA:820,0,1,2
BRDA:828,0,0,0
BRDA:828,0,1,2
BRDA:833,0,0,0
BRDA:833,0,1,2
BRDA:840,0,0,-
BRDA:840,0,1,-
BRDA:852,0,0,-
BRDA:852,0,1,-
BRDA:859,0,0,0
BRDA:859,0,1,2
BRDA:863,0,0,0
BRDA:863,0,1,2
BRDA:864,0,0,-
BRDA:864,0,1,-
BRDA:867,0,0,-
BRDA:867,0,1,-
BRDA:879,0,0,0
BRDA:879,0,1,2
BRDA:888,0,0,0
BRDA:888,0,1,2
BRDA:890,0,0,-
BRDA:890,0,1,-
BRDA:899,0,0,2
BRDA:899,0,1,0
BRDA:1359,0,0,2
BRDA:1359,0,1,0
BRDA:1360,0,0,2
BRDA:1360,0,1,0
BRDA:1361,0,0,2
BRDA:1361,0,1,0
BRDA:1362,0,0,0
BRDA:1362,0,1,2
BRDA:1370,0,0,0
BRDA:1370,0,1,2
BRDA:1374,0,0,0
BRDA:1374,0,1,2
BRDA:1423,0,0,0
BRDA:1423,0,1,2
BRDA:1427,0,0,0
BRDA:1427,0,1,2
BRDA:1428,0,0,-
BRDA:1428,0,1,-
BRDA:1430,0,0,-
BRDA:1430,0,1,-
BRDA:1497,0,0,0
BRDA:1497,0,1,64
BRDA:1498,0,0,-
BRDA:1498,0,1,-
BRDA:1508,0,0,64
BRDA:1508,0,1,0
BRDA:1513,0,0,-
BRDA:1513,0,1,-
BRDA:1517,0,0,-
BRDA:1517,0,1,-
BRDA:1518,0,0,-
BRDA:1518,0,1,-
BRDA:1526,0,0,-
BRDA:1526,0,1,-
BRDA:1531,0,0,-
BRDA:1531,0,1,-
BRDA:1546,0,0,0
BRDA:1546,0,1,64
BRDA:1556,0,0,0
BRDA:1556,0,1,64
BRDA:1563,0,0,0
BRDA:1563,0,1,64
BRDA:1568,0,0,0
BRDA:1568,0,1,64
BRDA:1605,0,0,-
BRDA:1605,0,1,-
BRDA:1625,0,0,-
BRDA:1625,0,1,-
BRDA:1638,0,0,-
BRDA:1638,0,1,-
BRDA:1638,0,2,-
BRDA:1638,0,3,-
BRDA:1646,0,0,-
BRDA:1646,0,1,-
BRDA:1660,0,0,-
BRDA:1660,0,1,-
BRDA:1662,0,0,-
BRDA:1662,0,1,-
BRDA:1681,0,0,64
BRDA:1681,0,1,64
BRDA:1684,0,0,0
BRDA:1684,0,1,64
BRDA:1685,0,0,-
BRDA:1685,0,1,-
BRDA:1693,0,0,64
BRDA:1693,0,1,0
BRDA:1698,0,0,64
BRDA:1698,0,1,0
BRDA:1698,0,2,64
BRDA:1698,0,3,0
BRDA:1698,0,4,0
BRDA:1698,0,5,64
BRDA:1701,0,0,-
BRDA:1701,0,1,-
BRDA:1705,0,0,-
BRDA:1705,0,1,-
BRDA:1707,0,0,-
BRDA:1707,0,1,-
BRDA:1719,0,0,-
BRDA:1719,0,1,-
BRDA:1729,0,0,-
BRDA:1729,0,1,-
BRDA:1729,0,2,-
BRDA:1729,0,3,-
BRDA:1735,0,0,-
BRDA:1735,0,1,-
BRDA:1736,0,0,-
BRDA:1736,0,1,-
BRDA:1736,0,2,-
BRDA:1736,0,3,-
BRDA:1736,0,4,-
BRDA:1737,0,0,-
BRDA:1737,0,1,-
BRDA:1750,0,0,0
BRDA:1750,0,1,64
BRDA:1754,0,0,-
BRDA:1754,0,1,-
BRDA:1756,0,0,-
BRDA:1756,0,1,-
BRDA:1757,0,0,-
BRDA:1757,0,1,-
BRDA:1761,0,0,-
BRDA:1761,0,1,-
BRDA:1767,0,0,-
BRDA:1767,0,1,-
BRDA:1768,0,0,-
BRDA:1768,0,1,-
BRDA:1768,0,2,-
BRDA:1768,0,3,-
BRDA:1768,0,4,-
BRDA:1770,0,0,-
BRDA:1770,0,1,-
BRDA:1821,0,0,0
BRDA:1821,0,1,2
BRDA:1821,0,2,0
BRDA:1821,0,3,0
BRDA:1821,0,4,0
BRDA:1824,0,0,0
BRDA:1824,0,1,2
BRDA:1838,0,0,-
BRDA:1838,0,1,-
BRDA:1856,0,0,-
BRDA:1856,0,1,-
BRDA:1866,0,0,-
BRDA:1866,0,1,-
BRDA:1878,0,0,-
BRDA:1878,0,1,-
BRDA:1999,0,0,-
BRDA:1999,0,1,-
BRDA:1999,0,2,-
BRDA:1999,0,3,-
BRDA:1999,0,4,-
BRDA:1999,0,5,-
BRDA:2037,0,0,-
BRDA:2037,0,1,-
BRDA:2037,0,2,-
BRDA:2037,0,3,-
BRDA:2037,0,4,-
BRDA:2037,0,5,-
BRDA:2037,0,6,-
BRDA:2038,0,0,-
BRDA:2038,0,1,-
BRDA:2056,0,0,0
BRDA:2056,0,1,2
BRDA:2056,0,2,0
BRDA:2056,0,3,0
BRDA:2056,0,4,0
BRDA:2059,0,0,2
BRDA:2059,0,1,0
BRDA:2062,0,0,-
BRDA:2062,0,1,-
BRDA:2080,0,0,0
BRDA:2080,0,1,2
BRDA:2082,0,0,-
BRDA:2082,0,1,-
BRDA:2090,0,0,18
BRDA:2090,0,1,2
BRDA:2098,0,0,0
BRDA:2098,0,1,2
BRDA:2106,0,0,-
BRDA:2106,0,1,-
BRDA:2124,0,0,0
BRDA:2124,0,1,18
BRDA:2137,0,0,6
BRDA:2137,0,1,16
BRDA:2139,0,0,2
BRDA:2139,0,1,4
BRDA:2158,0,0,0
BRDA:2158,0,1,16
BRDA:2169,0,0,16
BRDA:2169,0,1,14
BRDA:2170,0,0,2
BRDA:2170,0,1,14
BRDA:2172,0,0,0
BRDA:2172,0,1,2
BRDA:2180,0,0,2
BRDA:2180,0,1,14
BRDA:2189,0,0,2
BRDA:2189,0,1,14
BRDA:2208,0,0,2
BRDA:2208,0,1,12
BRDA:2220,0,0,6
BRDA:2220,0,1,8
BRDA:2226,0,0,6
BRDA:2226,0,1,0
BRDA:2232,0,0,4
BRDA:2232,0,1,2
BRDA:2253,0,0,2
BRDA:2253,0,1,4
BRDA:2265,0,0,2
BRDA:2265,0,1,4
BRDA:2282,0,0,0
BRDA:2282,0,1,4
BRDA:2292,0,0,6
BRDA:2292,0,1,4
BRDA:2293,0,0,2
BRDA:2293,0,1,4
BRDA:2295,0,0,0
BRDA:2295,0,1,2
BRDA:2302,0,0,2
BRDA:2302,0,1,4
BRDA:2334,0,0,0
BRDA:2334,0,1,2
BRDA:2345,0,0,2
BRDA:2345,0,1,2
BRDA:2350,0,0,0
BRDA:2350,0,1,2
BRDA:2391,0,0,2
BRDA:2391,0,1,0
BRDA:2392,0,0,2
BRDA:2392,0,1,2
BRDA:2394,0,0,0
BRDA:2394,0,1,2
BRDA:2411,0,0,2
BRDA:2411,0,1,2
BRDA:2426,0,0,0
BRDA:2426,0,1,2
BRDA:2432,0,0,6
BRDA:2432,0,1,2
BRDA:2432,0,2,6
BRDA:2432,0,3,0
BRDA:2438,0,0,58
BRDA:2438,0,1,2
BRDA:2445,0,0,6
BRDA:2445,0,1,2
BRDA:2456,0,0,2
BRDA:2456,0,1,0
BRDA:2456,0,2,0
BRDA:2456,0,3,2
BRDA:2456,0,4,0
BRDA:2456,0,5,0
BRDA:2456,0,6,2
BRDA:2456,0,7,0
BRDA:2462,0,0,0
BRDA:2462,0,1,2
BRDA:2462,0,2,0
BRDA:2462,0,3,0
BRDA:2470,0,0,2
BRDA:2470,0,1,0
BRDA:2474,0,0,2
BRDA:2474,0,1,0
BRDA:2493,0,0,2
BRDA:2493,0,1,2
BRDA:2498,0,0,0
BRDA:2498,0,1,2
BRDA:2548,0,0,-
BRDA:2548,0,1,-
BRDA:2549,0,0,-
BRDA:2549,0,1,-
BRDA:2550,0,0,-
BRDA:2550,0,1,-
BRDA:2553,0,0,-
BRDA:2553,0,1,-
BRDA:2554,0,0,-
BRDA:2554,0,1,-
BRDA:2567,0,0,2
BRDA:2567,0,1,6
BRDA:2570,0,0,2
BRDA:2570,0,1,4
BRDA:2572,0,0,2
BRDA:2572,0,1,2
BRDA:2601,0,0,-
BRDA:2601,0,1,-
BRDA:2606,0,0,-
BRDA:2606,0,1,-
BRDA:2621,0,0,-
BRDA:2621,0,1,-
BRDA:2622,0,0,-
BRDA:2622,0,1,-
BRDA:2623,0,0,-
BRDA:2623,0,1,-
BRDA:2627,0,0,-
BRDA:2627,0,1,-
BRDA:2628,0,0,-
BRDA:2628,0,1,-
BRDA:2632,0,0,-
BRDA:2632,0,1,-
BRDA:2634,0,0,-
BRDA:2634,0,1,-
BRDA:2635,0,0,-
BRDA:2635,0,1,-
BRDA:2636,0,0,-
BRDA:2636,0,1,-
BRDA:2637,0,0,-
BRDA:2637,0,1,-
BRDA:2649,0,0,-
BRDA:2649,0,1,-
BRDA:2653,0,0,-
BRDA:2653,0,1,-
BRDA:2664,0,0,-
BRDA:2664,0,1,-
BRDA:2666,0,0,-
BRDA:2666,0,1,-
BRDA:2666,0,2,-
BRDA:2666,0,3,-
BRDA:2681,0,0,-
BRDA:2681,0,1,-
BRDA:2683,0,0,-
BRDA:2683,0,1,-
BRDA:2686,0,0,-
BRDA:2686,0,1,-
BRDA:2697,0,0,-
BRDA:2697,0,1,-
BRDA:2732,0,0,4
BRDA:2732,0,1,2
BRDA:2732,0,2,2
BRDA:2732,0,3,2
BRDA:2733,0,0,2
BRDA:2733,0,1,0
BRDA:2737,0,0,-
BRDA:2737,0,1,-
BRDA:2738,0,0,-
BRDA:2738,0,1,-
BRDA:2742,0,0,-
BRDA:2742,0,1,-
BRDA:2743,0,0,-
BRDA:2743,0,1,-
BRDA:2751,0,0,-
BRDA:2751,0,1,-
BRDA:2752,0,0,-
BRDA:2752,0,1,-
BRDA:2753,0,0,-
BRDA:2753,0,1,-
BRDA:2755,0,0,-
BRDA:2755,0,1,-
BRDA:2759,0,0,-
BRDA:2759,0,1,-
BRDA:2764,0,0,-
BRDA:2764,0,1,-
BRDA:2768,0,0,-
BRDA:2768,0,1,-
BRDA:2769,0,0,-
BRDA:2769,0,1,-
BRDA:2774,0,0,-
BRDA:2774,0,1,-
BRDA:2775,0,0,-
BRDA:2775,0,1,-
BRDA:2793,0,0,4
BRDA:2793,0,1,2
BRDA:2794,0,0,2
BRDA:2794,0,1,2
BRDA:2802,0,0,2
BRDA:2802,0,1,0
BRDA:2806,0,0,-
BRDA:2806,0,1,-
BRDA:2806,0,2,-
BRDA:2806,0,3,-
BRDA:2810,0,0,-
BRDA:2810,0,1,-
BRDA:2814,0,0,-
BRDA:2814,0,1,-
BRDA:2823,0,0,-
BRDA:2823,0,1,-
BRDA:2825,0,0,-
BRDA:2825,0,1,-
BRDA:2832,0,0,-
BRDA:2832,0,1,-
BRDA:2834,0,0,-
BRDA:2834,0,1,-
BRDA:2849,0,0,-
BRDA:2849,0,1,-
BRF:552
BRH:199
DA:175,0
DA:177,0
DA:178,0
DA:179,0
DA:182,20
DA:186,20
DA:187,20
DA:188,0
DA:190,20
DA:191,20
DA:192,20
DA:193,20
DA:195,20
DA:199,22
DA:201,22
DA:202,22
DA:205,2
DA:211,2
DA:214,2
DA:217,2
DA:218,4
DA:219,4
DA:220,8
DA:221,4
DA:222,4
DA:223,4
DA:224,0
DA:227,4
DA:228,2
DA:229,2
DA:231,2
DA:232,2
DA:235,0
DA:237,2
DA:240,2
DA:241,0
DA:242,0
DA:247,4
DA:248,2
DA:250,2
DA:251,0
DA:252,0
DA:256,2
DA:257,2
DA:258,2
DA:261,2
DA:264,2
DA:266,2
DA:267,2
DA:269,2
DA:270,0
DA:273,2
DA:274,0
DA:275,0
DA:278,2
DA:279,2
DA:281,2
DA:282,2
DA:283,0
DA:286,2
DA:288,2
DA:289,2
DA:290,0
DA:294,4
DA:295,2
DA:296,2
DA:298,2
DA:300,4
DA:301,2
DA:302,2
DA:305,2
DA:306,0
DA:308,2
DA:309,2
DA:310,2
DA:311,2
DA:312,2
DA:314,2
DA:315,2
DA:316,2
DA:319,2
DA:320,0
DA:323,2
DA:326,2
DA:327,0
DA:330,2
DA:334,2
DA:336,2
DA:337,2
DA:338,2
DA:339,2
DA:340,2
DA:342,2
DA:354,2
DA:358,4
DA:359,2
DA:360,2
DA:361,0
DA:364,2
DA:365,0
DA:369,2
DA:370,0
DA:373,2
DA:374,2
DA:375,2
DA:376,2
DA:380,0
DA:381,0
DA:384,2
DA:385,0
DA:387,2
DA:400,2
DA:404,22
DA:408,22
DA:409,0
DA:412,22
DA:413,22
DA:415,0
DA:418,22
DA:419,0
DA:422,22
DA:426,2
DA:432,2
DA:435,2
DA:436,4
DA:437,2
DA:438,2
DA:439,2
DA:440,2
DA:441,2
DA:443,2
DA:446,2
DA:447,0
DA:452,4
DA:453,2
DA:455,2
DA:458,2
DA:459,0
DA:461,2
DA:462,2
DA:466,2
DA:470,128
DA:474,128
DA:475,128
DA:476,128
DA:477,128
DA:478,128
DA:479,128
DA:480,128
DA:483,2
DA:486,2
DA:487,2
DA:490,2
DA:491,2
DA:492,2
DA:497,0
DA:500,2
DA:501,0
DA:504,4
DA:505,2
DA:507,2
DA:509,2
DA:510,0
DA:512,20
DA:513,18
DA:515,18
DA:517,18
DA:518,0
DA:522,2
DA:573,0
DA:574,0
DA:575,0
DA:576,0
DA:579,0
DA:580,0
DA:583,0
DA:584,0
DA:585,0
DA:586,0
DA:587,0
DA:591,0
DA:592,0
DA:599,2
DA:601,2
DA:602,2
DA:606,2
DA:613,4
DA:615,2
DA:619,2
DA:620,2
DA:621,2
DA:622,2
DA:623,2
DA:625,2
DA:626,0
DA:630,0
DA:631,0
DA:632,0
DA:635,4
DA:636,2
DA:637,0
DA:638,0
DA:639,0
DA:642,2
DA:646,2
DA:650,2
DA:651,2
DA:652,0
DA:656,2
DA:657,0
DA:659,0
DA:662,2
DA:663,0
DA:665,0
DA:669,2
DA:670,2
DA:671,2
DA:674,2
DA:675,2
DA:679,2
DA:680,2
DA:681,2
DA:682,2
DA:683,2
DA:684,2
DA:685,2
DA:686,2
DA:687,2
DA:688,0
DA:689,0
DA:690,0
DA:691,0
DA:692,0
DA:693,0
DA:694,0
DA:695,0
DA:696,0
DA:698,2
DA:699,0
DA:700,0
DA:702,2
DA:703,2
DA:704,2
DA:705,2
DA:707,0
DA:714,2
DA:715,0
DA:720,2
DA:721,0
DA:722,0
DA:727,2
DA:739,2
DA:740,0
DA:741,0
DA:742,0
DA:743,0
DA:744,0
DA:747,2
DA:748,0
DA:749,0
DA:752,2
DA:753,2
DA:754,0
DA:755,0
DA:756,0
DA:759,2
DA:760,0
DA:761,0
DA:762,0
DA:763,0
DA:766,0
DA:769,2
DA:770,0
DA:771,0
DA:772,0
DA:773,0
DA:776,0
DA:779,2
DA:782,2
DA:784,2
DA:786,2
DA:787,2
DA:788,2
DA:792,2
DA:793,0
DA:796,2
DA:797,2
DA:798,0
DA:803,2
DA:804,2
DA:805,0
DA:809,4
DA:810,2
DA:811,0
DA:812,0
DA:814,2
DA:816,2
DA:817,2
DA:818,2
DA:820,2
DA:821,0
DA:824,2
DA:825,2
DA:826,2
DA:828,2
DA:829,0
DA:833,2
DA:836,0
DA:837,0
DA:838,0
DA:840,0
DA:844,0
DA:846,0
DA:847,0
DA:849,0
DA:850,0
DA:851,0
DA:852,0
DA:853,0
DA:854,0
DA:858,2
DA:859,2
DA:860,0
DA:863,2
DA:864,0
DA:865,0
DA:867,0
DA:868,0
DA:872,0
DA:879,2
DA:883,0
DA:888,2
DA:889,0
DA:890,0
DA:891,0
DA:893,0
DA:899,2
DA:900,2
DA:903,2
DA:907,2
DA:909,2
DA:910,2
DA:911,2
DA:912,2
DA:913,2
DA:915,2
DA:916,2
DA:919,2
DA:921,2
DA:925,2
DA:926,2
DA:927,2
DA:1357,2
DA:1359,2
DA:1360,2
DA:1361,2
DA:1362,2
DA:1363,0
DA:1366,0
DA:1369,2
DA:1370,2
DA:1371,0
DA:1374,2
DA:1375,0
DA:1378,2
DA:1380,2
DA:1381,2
DA:1382,2
DA:1384,2
DA:1386,2
DA:1388,2
DA:1390,2
DA:1422,2
DA:1423,2
DA:1424,0
DA:1427,2
DA:1428,0
DA:1429,0
DA:1430,0
DA:1431,0
DA:1433,0
DA:1437,2
DA:1490,2
DA:1494,64
DA:1496,64
DA:1497,64
DA:1498,0
DA:1499,0
DA:1500,0
DA:1504,64
DA:1505,64
DA:1507,64
DA:1508,64
DA:1509,64
DA:1510,64
DA:1513,0
DA:1514,0
DA:1517,0
DA:1518,0
DA:1519,0
DA:1521,0
DA:1524,0
DA:1525,0
DA:1526,0
DA:1527,0
DA:1528,0
DA:1530,0
DA:1531,0
DA:1532,0
DA:1533,0
DA:1534,0
DA:1536,0
DA:1537,0
DA:1540,0
DA:1544,64
DA:1546,64
DA:1547,0
DA:1551,64
DA:1552,64
DA:1553,64
DA:1554,64
DA:1556,64
DA:1557,0
DA:1558,0
DA:1559,0
DA:1560,0
DA:1563,64
DA:1564,0
DA:1568,64
DA:1569,0
DA:1581,64
DA:1596,0
DA:1601,0
DA:1602,0
DA:1604,0
DA:1605,0
DA:1607,0
DA:1608,0
DA:1609,0
DA:1610,0
DA:1611,0
DA:1612,0
DA:1613,0
DA:1614,0
DA:1618,0
DA:1625,0
DA:1626,0
DA:1628,0
DA:1629,0
DA:1630,0
DA:1631,0
DA:1634,0
DA:1635,0
DA:1636,0
DA:1637,0
DA:1638,0
DA:1639,0
DA:1641,0
DA:1642,0
DA:1643,0
DA:1646,0
DA:1647,0
DA:1648,0
DA:1652,0
DA:1656,0
DA:1658,0
DA:1660,0
DA:1661,0
DA:1662,0
DA:1663,0
DA:1664,0
DA:1665,0
DA:1666,0
DA:1667,0
DA:1668,0
DA:1671,0
DA:1674,64
DA:1677,64
DA:1678,64
DA:1681,128
DA:1682,64
DA:1684,64
DA:1685,0
DA:1686,0
DA:1690,64
DA:1691,64
DA:1693,64
DA:1694,64
DA:1695,64
DA:1698,64
DA:1701,0
DA:1702,0
DA:1703,0
DA:1704,0
DA:1705,0
DA:1707,0
DA:1708,0
DA:1709,0
DA:1711,0
DA:1712,0
DA:1714,0
DA:1715,0
DA:1716,0
DA:1719,0
DA:1720,0
DA:1724,0
DA:1725,0
DA:1726,0
DA:1729,0
DA:1731,0
DA:1732,0
DA:1735,0
DA:1736,0
DA:1737,0
DA:1738,0
DA:1739,0
DA:1742,0
DA:1746,64
DA:1750,64
DA:1754,0
DA:1756,0
DA:1757,0
DA:1758,0
DA:1760,0
DA:1761,0
DA:1762,0
DA:1763,0
DA:1765,0
DA:1766,0
DA:1767,0
DA:1768,0
DA:1770,0
DA:1771,0
DA:1772,0
DA:1788,0
DA:1810,64
DA:1813,64
DA:1816,2
DA:1821,2
DA:1824,2
DA:1825,0
DA:1828,2
DA:1832,0
DA:1834,0
DA:1835,0
DA:1838,0
DA:1839,0
DA:1841,0
DA:1843,0
DA:1846,0
DA:1854,0
DA:1856,0
DA:1857,0
DA:1858,0
DA:1861,0
DA:1863,0
DA:1865,0
DA:1866,0
DA:1867,0
DA:1869,0
DA:1871,0
DA:1874,0
DA:1876,0
DA:1878,0
DA:1879,0
DA:1881,0
DA:1883,0
DA:1886,0
DA:1888,0
DA:1889,0
DA:1890,0
DA:1946,0
DA:1948,0
DA:1949,0
DA:1950,0
DA:1952,4
DA:1954,4
DA:1955,4
DA:1991,0
DA:1993,0
DA:1994,0
DA:1997,0
DA:1999,0
DA:2000,0
DA:2001,0
DA:2002,0
DA:2003,0
DA:2007,0
DA:2008,0
DA:2009,0
DA:2010,0
DA:2011,0
DA:2012,0
DA:2013,0
DA:2014,0
DA:2025,0
DA:2026,0
DA:2027,0
DA:2033,0
DA:2034,0
DA:2035,0
DA:2037,0
DA:2038,0
DA:2039,0
DA:2040,0
DA:2041,0
DA:2042,0
DA:2045,0
DA:2047,0
DA:2050,2
DA:2056,2
DA:2059,2
DA:2060,2
DA:2062,0
DA:2063,0
DA:2066,0
DA:2071,2
DA:2077,2
DA:2078,2
DA:2080,2
DA:2082,0
DA:2083,0
DA:2084,0
DA:2088,2
DA:2090,20
DA:2091,18
DA:2092,18
DA:2098,2
DA:2100,0
DA:2101,0
DA:2106,0
DA:2108,2
DA:2113,18
DA:2118,18
DA:2119,18
DA:2120,18
DA:2121,18
DA:2124,18
DA:2125,0
DA:2126,0
DA:2129,18
DA:2130,18
DA:2134,22
DA:2137,22
DA:2138,6
DA:2139,6
DA:2140,2
DA:2142,6
DA:2156,16
DA:2157,16
DA:2158,16
DA:2159,0
DA:2160,0
DA:2161,0
DA:2164,16
DA:2165,16
DA:2167,16
DA:2168,16
DA:2169,30
DA:2170,16
DA:2171,2
DA:2172,2
DA:2173,0
DA:2174,0
DA:2175,0
DA:2176,0
DA:2180,16
DA:2181,2
DA:2183,16
DA:2185,16
DA:2186,16
DA:2187,16
DA:2188,16
DA:2189,16
DA:2190,2
DA:2191,2
DA:2192,2
DA:2193,2
DA:2197,14
DA:2198,14
DA:2199,14
DA:2200,14
DA:2203,14
DA:2204,14
DA:2206,14
DA:2208,14
DA:2212,2
DA:2213,2
DA:2215,2
DA:2216,2
DA:2217,2
DA:2220,14
DA:2223,6
DA:2224,6
DA:2226,6
DA:2227,6
DA:2229,0
DA:2232,6
DA:2233,4
DA:2234,4
DA:2235,4
DA:2253,6
DA:2256,2
DA:2257,2
DA:2258,2
DA:2260,2
DA:2261,2
DA:2262,2
DA:2265,6
DA:2266,2
DA:2267,2
DA:2268,2
DA:2272,14
DA:2274,14
DA:2278,4
DA:2280,4
DA:2281,4
DA:2282,4
DA:2283,0
DA:2284,0
DA:2287,4
DA:2288,4
DA:2290,4
DA:2291,4
DA:2292,10
DA:2293,6
DA:2294,2
DA:2295,2
DA:2296,0
DA:2297,0
DA:2298,0
DA:2302,6
DA:2303,2
DA:2305,6
DA:2307,6
DA:2308,6
DA:2309,6
DA:2310,6
DA:2312,6
DA:2313,6
DA:2314,6
DA:2315,6
DA:2318,4
DA:2322,2
DA:2324,2
DA:2331,2
DA:2334,2
DA:2335,0
DA:2338,2
DA:2339,2
DA:2341,2
DA:2345,4
DA:2346,2
DA:2349,2
DA:2350,2
DA:2351,0
DA:2382,2
DA:2383,2
DA:2384,2
DA:2385,2
DA:2390,2
DA:2391,2
DA:2392,4
DA:2393,2
DA:2394,2
DA:2395,0
DA:2397,2
DA:2399,2
DA:2400,2
DA:2402,2
DA:2405,2
DA:2411,4
DA:2412,2
DA:2413,2
DA:2414,2
DA:2422,2
DA:2424,2
DA:2426,2
DA:2427,0
DA:2429,2
DA:2432,8
DA:2433,6
DA:2438,60
DA:2439,58
DA:2441,58
DA:2445,8
DA:2446,6
DA:2450,2
DA:2454,2
DA:2456,2
DA:2457,2
DA:2458,2
DA:2461,2
DA:2462,2
DA:2463,0
DA:2464,0
DA:2466,2
DA:2469,2
DA:2470,2
DA:2471,2
DA:2474,2
DA:2475,2
DA:2476,2
DA:2479,2
DA:2480,2
DA:2481,2
DA:2483,2
DA:2486,2
DA:2490,2
DA:2492,2
DA:2493,4
DA:2494,2
DA:2496,2
DA:2497,2
DA:2498,2
DA:2499,0
DA:2503,2
DA:2507,2
DA:2508,2
DA:2510,2
DA:2511,2
DA:2512,2
DA:2513,2
DA:2514,2
DA:2515,2
DA:2516,2
DA:2522,2
DA:2523,2
DA:2524,2
DA:2525,2
DA:2528,6
DA:2529,6
DA:2530,6
DA:2533,2
DA:2536,2
DA:2539,0
DA:2542,0
DA:2547,0
DA:2548,0
DA:2549,0
DA:2550,0
DA:2551,0
DA:2552,0
DA:2553,0
DA:2554,0
DA:2555,0
DA:2558,0
DA:2562,8
DA:2564,8
DA:2567,8
DA:2568,2
DA:2570,6
DA:2571,2
DA:2572,4
DA:2573,2
DA:2575,2
DA:2577,4
DA:2579,4
DA:2583,14
DA:2585,14
DA:2586,14
DA:2589,0
DA:2598,0
DA:2600,0
DA:2601,0
DA:2602,0
DA:2603,0
DA:2606,0
DA:2607,0
DA:2609,0
DA:2610,0
DA:2611,0
DA:2612,0
DA:2615,0
DA:2617,0
DA:2621,0
DA:2622,0
DA:2623,0
DA:2627,0
DA:2628,0
DA:2629,0
DA:2630,0
DA:2632,0
DA:2634,0
DA:2635,0
DA:2636,0
DA:2637,0
DA:2638,0
DA:2642,0
DA:2643,0
DA:2649,0
DA:2650,0
DA:2653,0
DA:2654,0
DA:2655,0
DA:2658,0
DA:2661,0
DA:2662,0
DA:2664,0
DA:2666,0
DA:2667,0
DA:2670,0
DA:2671,0
DA:2672,0
DA:2677,0
DA:2678,0
DA:2679,0
DA:2680,0
DA:2681,0
DA:2682,0
DA:2683,0
DA:2684,0
DA:2685,0
DA:2686,0
DA:2687,0
DA:2689,0
DA:2697,0
DA:2698,0
DA:2699,0
DA:2701,0
DA:2702,0
DA:2703,0
DA:2705,0
DA:2706,0
DA:2707,0
DA:2709,0
DA:2712,0
DA:2713,0
DA:2714,0
DA:2716,0
DA:2721,0
DA:2723,0
DA:2728,6
DA:2732,6
DA:2733,2
DA:2734,6
DA:2737,0
DA:2738,0
DA:2739,0
DA:2742,0
DA:2743,0
DA:2744,0
DA:2747,0
DA:2748,0
DA:2750,0
DA:2751,0
DA:2752,0
DA:2753,0
DA:2754,0
DA:2755,0
DA:2757,0
DA:2759,0
DA:2760,0
DA:2761,0
DA:2764,0
DA:2765,0
DA:2766,0
DA:2768,0
DA:2769,0
DA:2770,0
DA:2774,0
DA:2775,0
DA:2776,0
DA:2778,0
DA:2783,0
DA:2787,6
DA:2793,6
DA:2794,4
DA:2795,4
DA:2798,2
DA:2802,2
DA:2803,2
DA:2806,0
DA:2807,0
DA:2810,0
DA:2811,0
DA:2814,0
DA:2815,0
DA:2816,0
DA:2817,0
DA:2818,0
DA:2821,0
DA:2822,0
DA:2823,0
DA:2825,0
DA:2826,0
DA:2830,0
DA:2831,0
DA:2832,0
DA:2834,0
DA:2835,0
DA:2838,0
DA:2842,0
DA:2845,0
DA:2846,0
DA:2847,0
DA:2849,0
DA:2850,0
DA:2853,0
DA:2854,0
DA:2859,0
DA:2861,0
DA:2862,0
DA:2864,0
DA:2865,0
DA:2867,0
DA:2868,0
DA:2870,0
DA:2871,0
DA:2873,0
DA:2874,0
DA:2876,0
DA:2880,4
DA:2882,4
DA:2883,4
DA:2886,4
DA:2888,4
DA:2889,4
DA:2892,8
DA:2894,8
DA:2895,8
DA:2896,8
LF:1022
LH:520
end_of_record
TN:
SF:/data/workspace/f-stack/lib/ff_dpdk_kni.c
FN:103,107,get_bitmap
FN:110,134,kni_set_bitmap
FN:137,171,kni_process_tx
FN:174,194,kni_process_rx
FN:197,204,protocol_filter_l4
FN:207,216,protocol_filter_tcp
FN:219,228,protocol_filter_udp
FN:298,368,protocol_filter_ip
FN:371,374,ff_kni_proto_filter
FN:377,420,ff_kni_init
FN:423,491,ff_kni_alloc
FN:494,499,ff_kni_process
FN:503,535,ff_kni_enqueue
FN:95,100,set_bitmap
FNDA:6,get_bitmap
FNDA:20,kni_set_bitmap
FNDA:12,kni_process_tx
FNDA:12,kni_process_rx
FNDA:6,protocol_filter_l4
FNDA:6,protocol_filter_tcp
FNDA:4,protocol_filter_udp
FNDA:26,protocol_filter_ip
FNDA:24,ff_kni_proto_filter
FNDA:10,ff_kni_init
FNDA:2,ff_kni_alloc
FNDA:12,ff_kni_process
FNDA:18,ff_kni_enqueue
FNDA:26,set_bitmap
FNF:14
FNH:14
BRDA:114,0,0,4
BRDA:114,0,1,16
BRDA:121,0,0,6
BRDA:121,0,1,16
BRDA:121,0,2,4
BRDA:121,0,3,2
BRDA:121,0,4,0
BRDA:121,0,5,4
BRDA:122,0,0,6
BRDA:122,0,1,2
BRDA:129,0,0,16
BRDA:129,0,1,6
BRDA:142,0,0,12
BRDA:142,0,1,0
BRDA:142,0,2,0
BRDA:142,0,3,0
BRDA:142,0,4,0
BRDA:148,0,0,4
BRDA:148,0,1,8
BRDA:149,0,0,2
BRDA:149,0,1,2
BRDA:161,0,0,4
BRDA:161,0,1,8
BRDA:163,0,0,14
BRDA:163,0,1,4
BRDA:181,0,0,4
BRDA:181,0,1,8
BRDA:183,0,0,2
BRDA:183,0,1,2
BRDA:185,0,0,8
BRDA:185,0,1,2
BRDA:199,0,0,4
BRDA:199,0,1,2
BRDA:209,0,0,2
BRDA:209,0,1,4
BRDA:221,0,0,2
BRDA:221,0,1,2
BRDA:305,0,0,24
BRDA:305,0,1,2
BRDA:306,0,0,4
BRDA:306,0,1,20
BRDA:311,0,0,2
BRDA:311,0,1,18
BRDA:334,0,0,2
BRDA:334,0,1,8
BRDA:334,0,2,6
BRDA:334,0,3,2
BRDA:334,0,4,0
BRDA:343,0,0,2
BRDA:343,0,1,6
BRDA:351,0,0,2
BRDA:351,0,1,4
BRDA:379,0,0,10
BRDA:379,0,1,0
BRDA:383,0,0,0
BRDA:383,0,1,10
BRDA:394,0,0,0
BRDA:394,0,1,10
BRDA:402,0,0,0
BRDA:402,0,1,10
BRDA:410,0,0,0
BRDA:410,0,1,10
BRDA:426,0,0,2
BRDA:426,0,1,0
BRDA:435,0,0,0
BRDA:435,0,1,2
BRDA:466,0,0,0
BRDA:466,0,1,2
BRDA:476,0,0,2
BRDA:476,0,1,0
BRDA:480,0,0,0
BRDA:480,0,1,2
BRDA:486,0,0,0
BRDA:486,0,1,2
BRDA:505,0,0,10
BRDA:505,0,1,8
BRDA:506,0,0,8
BRDA:506,0,1,2
BRDA:508,0,0,2
BRDA:508,0,1,6
BRDA:513,0,0,6
BRDA:513,0,1,2
BRDA:515,0,0,2
BRDA:515,0,1,4
BRDA:521,0,0,2
BRDA:521,0,1,12
BRDA:521,0,2,0
BRDA:521,0,3,0
BRDA:521,0,4,0
BRDA:522,0,0,2
BRDA:522,0,1,12
BRDA:529,0,0,6
BRDA:529,0,1,0
BRF:93
BRH:72
DA:95,26
DA:97,26
DA:98,26
DA:99,26
DA:100,26
DA:103,6
DA:105,6
DA:106,6
DA:110,20
DA:114,20
DA:115,4
DA:117,16
DA:119,28
DA:120,22
DA:121,22
DA:122,8
DA:123,6
DA:126,20
DA:129,22
DA:130,16
DA:132,6
DA:137,12
DA:141,12
DA:142,12
DA:148,12
DA:149,4
DA:150,2
DA:152,2
DA:154,4
DA:156,8
DA:159,12
DA:161,12
DA:163,18
DA:164,14
DA:166,4
DA:169,12
DA:170,12
DA:174,12
DA:177,12
DA:179,12
DA:181,12
DA:182,4
DA:183,4
DA:185,10
DA:186,8
DA:188,2
DA:191,4
DA:193,12
DA:197,6
DA:199,6
DA:200,4
DA:203,2
DA:207,6
DA:209,6
DA:210,2
DA:213,4
DA:215,4
DA:219,4
DA:221,4
DA:222,2
DA:225,2
DA:227,2
DA:298,26
DA:305,26
DA:306,24
DA:307,4
DA:309,20
DA:310,20
DA:311,20
DA:312,2
DA:314,18
DA:328,2
DA:331,18
DA:332,18
DA:334,18
DA:337,2
DA:338,2
DA:341,8
DA:343,8
DA:345,2
DA:347,6
DA:349,6
DA:351,6
DA:353,2
DA:355,4
DA:357,2
DA:358,2
DA:367,4
DA:371,24
DA:373,24
DA:377,10
DA:379,10
DA:380,10
DA:383,10
DA:384,0
DA:388,10
DA:390,10
DA:391,10
DA:394,10
DA:395,0
DA:399,10
DA:400,10
DA:402,10
DA:403,0
DA:407,10
DA:408,10
DA:410,10
DA:411,0
DA:415,10
DA:416,10
DA:418,10
DA:419,10
DA:420,10
DA:423,2
DA:426,2
DA:427,2
DA:430,2
DA:435,2
DA:436,0
DA:439,2
DA:440,2
DA:441,2
DA:442,2
DA:445,2
DA:447,2
DA:448,2
DA:458,2
DA:459,2
DA:461,2
DA:462,2
DA:466,2
DA:467,0
DA:470,2
DA:474,2
DA:476,2
DA:477,2
DA:480,2
DA:481,0
DA:483,0
DA:486,2
DA:487,0
DA:489,2
DA:490,2
DA:491,2
DA:494,12
DA:497,12
DA:498,12
DA:499,12
DA:503,18
DA:505,18
DA:506,10
DA:507,8
DA:508,8
DA:509,2
DA:513,8
DA:514,6
DA:515,6
DA:516,2
DA:521,14
DA:522,14
DA:523,2
DA:526,12
DA:528,6
DA:529,6
DA:530,6
DA:532,6
DA:534,6
LF:167
LH:158
end_of_record
TN:
SF:/data/workspace/f-stack/lib/ff_dpdk_pcap.c
FN:59,86,ff_enable_pcap
FN:89,137,ff_dump_packets
FNDA:44,ff_enable_pcap
FNDA:36,ff_dump_packets
FNF:2
FNH:2
BRDA:63,0,0,42
BRDA:63,0,1,2
BRDA:65,0,0,2
BRDA:65,0,1,42
BRDA:74,0,0,4
BRDA:74,0,1,38
BRDA:96,0,0,2
BRDA:96,0,1,34
BRDA:101,0,0,2
BRDA:101,0,1,32
BRDA:119,0,0,36
BRDA:119,0,1,34
BRDA:128,0,0,28
BRDA:128,0,1,6
BRDA:130,0,0,2
BRDA:130,0,1,26
BRF:16
BRH:16
DA:59,44
DA:61,44
DA:63,44
DA:64,44
DA:65,44
DA:66,2
DA:69,42
DA:72,42
DA:74,42
DA:75,42
DA:76,42
DA:77,42
DA:78,42
DA:79,42
DA:80,42
DA:82,42
DA:83,42
DA:85,42
DA:89,36
DA:91,36
DA:93,36
DA:94,36
DA:96,36
DA:97,2
DA:99,34
DA:101,34
DA:103,2
DA:104,2
DA:105,2
DA:108,32
DA:109,32
DA:110,32
DA:113,34
DA:114,34
DA:115,34
DA:116,34
DA:119,70
DA:120,36
DA:121,36
DA:122,36
DA:123,36
DA:124,36
DA:126,34
DA:128,34
DA:129,28
DA:130,28
DA:131,2
DA:133,28
DA:136,34
LF:49
LH:49
end_of_record
TN:
SF:/data/workspace/f-stack/lib/ff_epoll.c
FN:107,145,ff_event_to_epoll
FN:148,158,ff_epoll_wait
FN:25,28,ff_epoll_create
FN:31,104,ff_epoll_ctl
FNDA:18,ff_event_to_epoll
FNDA:26,ff_epoll_wait
FNDA:6,ff_epoll_create
FNDA:16,ff_epoll_ctl
FNF:4
FNH:4
BRDA:42,0,0,4
BRDA:42,0,1,12
BRDA:42,0,2,2
BRDA:42,0,3,2
BRDA:42,0,4,6
BRDA:42,0,5,8
BRDA:43,0,0,4
BRDA:43,0,1,2
BRDA:44,0,0,2
BRDA:44,0,1,2
BRDA:53,0,0,2
BRDA:53,0,1,10
BRDA:75,0,0,2
BRDA:75,0,1,8
BRDA:79,0,0,2
BRDA:79,0,1,8
BRDA:83,0,0,8
BRDA:83,0,1,2
BRDA:89,0,0,8
BRDA:89,0,1,2
BRDA:94,0,0,4
BRDA:94,0,1,6
BRDA:112,0,0,10
BRDA:112,0,1,8
BRDA:113,0,0,6
BRDA:113,0,1,4
BRDA:113,0,2,2
BRDA:113,0,3,4
BRDA:116,0,0,4
BRDA:116,0,1,4
BRDA:120,0,0,2
BRDA:120,0,1,16
BRDA:124,0,0,8
BRDA:124,0,1,10
BRDA:127,0,0,2
BRDA:127,0,1,6
BRDA:131,0,0,4
BRDA:131,0,1,4
BRDA:133,0,0,2
BRDA:133,0,1,2
BRDA:140,0,0,2
BRDA:140,0,1,16
BRDA:152,0,0,22
BRDA:152,0,1,4
BRDA:152,0,2,2
BRDA:152,0,3,20
BRF:46
BRH:46
DA:25,6
DA:27,6
DA:31,16
DA:32,16
DA:37,16
DA:38,16
DA:39,16
DA:42,16
DA:43,6
DA:44,4
DA:46,4
DA:47,4
DA:53,12
DA:54,2
DA:55,2
DA:57,2
DA:75,10
DA:76,2
DA:79,10
DA:80,2
DA:83,10
DA:84,8
DA:87,10
DA:89,10
DA:90,8
DA:91,8
DA:94,10
DA:95,4
DA:96,4
DA:100,10
DA:101,10
DA:103,10
DA:107,18
DA:109,18
DA:110,18
DA:112,18
DA:113,10
DA:114,6
DA:116,8
DA:117,4
DA:120,18
DA:121,2
DA:124,18
DA:125,8
DA:127,8
DA:128,2
DA:131,8
DA:132,4
DA:133,4
DA:134,2
DA:138,18
DA:140,18
DA:141,2
DA:143,16
DA:144,18
DA:145,18
DA:148,26
DA:152,26
DA:153,6
DA:154,6
DA:157,20
LF:61
LH:61
end_of_record
TN:
SF:/data/workspace/f-stack/lib/ff_host_interface.c
FN:103,107,ff_malloc
FN:111,115,ff_calloc
FN:119,127,ff_realloc
FN:131,135,ff_free
FN:142,151,panic
FN:154,180,ff_clock_gettime
FN:183,191,ff_clock_gettime_ns
FN:194,203,ff_get_current_time
FN:206,210,ff_update_current_ts
FN:213,218,ff_arc4rand
FN:221,226,ff_arc4random
FN:228,231,ff_setenv
FN:233,236,ff_getenv
FN:238,331,ff_os_errno
FN:54,86,ff_mmap
FN:89,99,ff_munmap
FNDA:10,ff_malloc
FNDA:2,ff_calloc
FNDA:4,ff_realloc
FNDA:14,ff_free
FNDA:2,panic
FNDA:12,ff_clock_gettime
FNDA:4,ff_clock_gettime_ns
FNDA:8,ff_get_current_time
FNDA:12,ff_update_current_ts
FNDA:34,ff_arc4rand
FNDA:32,ff_arc4random
FNDA:2,ff_setenv
FNDA:2,ff_getenv
FNDA:164,ff_os_errno
FNDA:12,ff_mmap
FNDA:10,ff_munmap
FNF:16
FNH:16
BRDA:70,0,0,10
BRDA:70,0,1,2
BRDA:71,0,0,10
BRDA:71,0,1,2
BRDA:74,0,0,4
BRDA:74,0,1,8
BRDA:75,0,0,10
BRDA:75,0,1,2
BRDA:76,0,0,10
BRDA:76,0,1,2
BRDA:80,0,0,2
BRDA:80,0,1,10
BRDA:121,0,0,2
BRDA:121,0,1,2
BRDA:160,0,0,2
BRDA:160,0,1,10
BRDA:176,0,0,2
BRDA:176,0,1,10
BRDA:196,0,0,6
BRDA:196,0,1,2
BRDA:200,0,0,6
BRDA:200,0,1,2
BRDA:209,0,0,2
BRDA:209,0,1,10
BRDA:240,0,0,2
BRDA:240,0,1,2
BRDA:240,0,2,2
BRDA:240,0,3,2
BRDA:240,0,4,2
BRDA:240,0,5,2
BRDA:240,0,6,2
BRDA:240,0,7,2
BRDA:240,0,8,2
BRDA:240,0,9,2
BRDA:240,0,10,2
BRDA:240,0,11,2
BRDA:240,0,12,2
BRDA:240,0,13,2
BRDA:240,0,14,2
BRDA:240,0,15,2
BRDA:240,0,16,2
BRDA:240,0,17,2
BRDA:240,0,18,2
BRDA:240,0,19,2
BRDA:240,0,20,2
BRDA:240,0,21,2
BRDA:240,0,22,2
BRDA:240,0,23,2
BRDA:240,0,24,2
BRDA:240,0,25,2
BRDA:240,0,26,2
BRDA:240,0,27,2
BRDA:240,0,28,2
BRDA:240,0,29,2
BRDA:240,0,30,2
BRDA:240,0,31,2
BRDA:240,0,32,2
BRDA:240,0,33,2
BRDA:240,0,34,2
BRDA:240,0,35,2
BRDA:240,0,36,2
BRDA:240,0,37,2
BRDA:240,0,38,2
BRDA:240,0,39,2
BRDA:240,0,40,2
BRDA:240,0,41,2
BRDA:240,0,42,2
BRDA:240,0,43,2
BRDA:240,0,44,2
BRDA:240,0,45,2
BRDA:240,0,46,2
BRDA:240,0,47,2
BRDA:240,0,48,2
BRDA:240,0,49,2
BRDA:240,0,50,2
BRDA:240,0,51,2
BRDA:240,0,52,2
BRDA:240,0,53,2
BRDA:240,0,54,2
BRDA:240,0,55,2
BRDA:240,0,56,2
BRDA:240,0,57,2
BRDA:240,0,58,2
BRDA:240,0,59,2
BRDA:240,0,60,2
BRDA:240,0,61,2
BRDA:240,0,62,2
BRDA:240,0,63,2
BRDA:240,0,64,2
BRDA:240,0,65,2
BRDA:240,0,66,2
BRDA:240,0,67,2
BRDA:240,0,68,2
BRDA:240,0,69,2
BRDA:240,0,70,2
BRDA:240,0,71,2
BRDA:240,0,72,2
BRDA:240,0,73,2
BRDA:240,0,74,2
BRDA:240,0,75,2
BRDA:240,0,76,2
BRDA:240,0,77,2
BRDA:240,0,78,2
BRDA:240,0,79,2
BRDA:240,0,80,2
BRDA:240,0,81,2
BRF:106
BRH:106
DA:54,12
DA:69,12
DA:70,12
DA:71,12
DA:73,12
DA:74,12
DA:75,12
DA:76,12
DA:78,12
DA:80,12
DA:81,2
DA:82,2
DA:84,10
DA:89,10
DA:98,10
DA:103,10
DA:106,10
DA:111,2
DA:114,2
DA:119,4
DA:121,4
DA:123,2
DA:126,2
DA:131,14
DA:134,14
DA:135,14
DA:142,2
DA:146,2
DA:147,2
DA:148,2
DA:150,2
DA:154,12
DA:160,12
DA:161,2
DA:162,2
DA:163,2
DA:169,10
DA:171,10
DA:172,10
DA:175,12
DA:176,12
DA:178,10
DA:179,10
DA:180,10
DA:183,4
DA:188,4
DA:190,4
DA:194,8
DA:196,8
DA:197,6
DA:200,8
DA:201,6
DA:203,8
DA:206,12
DA:208,12
DA:209,12
DA:210,10
DA:213,34
DA:217,34
DA:218,34
DA:221,32
DA:224,32
DA:225,32
DA:228,2
DA:230,2
DA:233,2
DA:235,2
DA:238,164
DA:240,164
DA:241,2
DA:242,2
DA:243,2
DA:244,2
DA:245,2
DA:246,2
DA:247,2
DA:248,2
DA:249,2
DA:250,2
DA:251,2
DA:252,2
DA:253,2
DA:254,2
DA:255,2
DA:256,2
DA:257,2
DA:258,2
DA:259,2
DA:260,2
DA:261,2
DA:262,2
DA:263,2
DA:264,2
DA:265,2
DA:266,2
DA:267,2
DA:268,2
DA:269,2
DA:270,2
DA:271,2
DA:272,2
DA:273,2
DA:274,2
DA:277,2
DA:279,2
DA:280,2
DA:281,2
DA:282,2
DA:283,2
DA:284,2
DA:285,2
DA:286,2
DA:287,2
DA:290,2
DA:292,2
DA:293,2
DA:294,2
DA:295,2
DA:296,2
DA:297,2
DA:298,2
DA:299,2
DA:300,2
DA:301,2
DA:302,2
DA:303,2
DA:304,2
DA:305,2
DA:306,2
DA:307,2
DA:308,2
DA:309,2
DA:310,2
DA:311,2
DA:312,2
DA:313,2
DA:314,2
DA:315,2
DA:316,2
DA:317,2
DA:318,2
DA:319,2
DA:320,2
DA:321,2
DA:322,2
DA:323,2
DA:324,2
DA:325,2
DA:326,2
DA:327,2
DA:328,2
DA:331,164
LF:152
LH:152
end_of_record
TN:
SF:/data/workspace/f-stack/lib/ff_ini_parser.c
FN:182,187,ini_parse_file
FN:190,201,ini_parse
FN:28,34,rstrip
FN:37,42,lskip
FN:47,62,find_chars_or_comment
FN:65,70,strncpy0
FN:73,179,ini_parse_stream
FNDA:142,ini_parse_file
FNDA:102,ini_parse
FNDA:4490,rstrip
FNDA:3190,lskip
FNDA:2944,find_chars_or_comment
FNDA:1634,strncpy0
FNDA:140,ini_parse_stream
FNF:7
FNH:7
BRDA:31,0,0,6190
BRDA:31,0,1,210
BRDA:31,0,2,1910
BRDA:31,0,3,4280
BRDA:39,0,0,3002
BRDA:39,0,1,210
BRDA:39,0,2,22
BRDA:39,0,3,2980
BRDA:51,0,0,21860
BRDA:51,0,1,1308
BRDA:51,0,2,13986
BRDA:51,0,3,7874
BRDA:51,0,4,12352
BRDA:51,0,5,1634
BRDA:51,0,6,20196
BRDA:51,0,7,30
BRDA:52,0,0,28
BRDA:52,0,1,2
BRDA:100,0,0,1890
BRDA:100,0,1,94
BRDA:105,0,0,140
BRDA:105,0,1,1750
BRDA:105,0,2,6
BRDA:105,0,3,134
BRDA:106,0,0,4
BRDA:106,0,1,2
BRDA:107,0,0,2
BRDA:107,0,1,2
BRDA:113,0,0,1858
BRDA:113,0,1,32
BRDA:113,0,2,1854
BRDA:113,0,3,4
BRDA:118,0,0,1382
BRDA:118,0,1,472
BRDA:118,0,2,1178
BRDA:118,0,3,204
BRDA:118,0,4,4
BRDA:118,0,5,1174
BRDA:127,0,0,336
BRDA:127,0,1,1514
BRDA:130,0,0,334
BRDA:130,0,1,2
BRDA:140,0,0,1308
BRDA:140,0,1,206
BRDA:143,0,0,10
BRDA:143,0,1,1298
BRDA:143,0,2,2
BRDA:143,0,3,8
BRDA:149,0,0,2
BRDA:149,0,1,1298
BRDA:169,0,0,46
BRDA:169,0,1,1844
BRDA:184,0,0,2
BRDA:184,0,1,140
BRDA:196,0,0,6
BRDA:196,0,1,96
BRF:56
BRH:56
DA:28,4490
DA:30,4490
DA:31,6400
DA:32,1910
DA:33,4490
DA:37,3190
DA:39,3212
DA:40,22
DA:41,3190
DA:47,2944
DA:50,2944
DA:51,23168
DA:52,30
DA:53,20224
DA:54,20224
DA:61,2944
DA:65,1634
DA:67,1634
DA:68,1634
DA:69,1634
DA:73,140
DA:82,140
DA:83,140
DA:89,140
DA:90,140
DA:100,1984
DA:101,1890
DA:103,1890
DA:105,1890
DA:106,6
DA:107,4
DA:108,2
DA:111,1890
DA:113,1890
DA:118,1854
DA:123,4
DA:124,0
DA:127,1850
DA:129,336
DA:130,336
DA:131,334
DA:132,334
DA:133,334
DA:135,2
DA:137,2
DA:140,1514
DA:142,1308
DA:143,1308
DA:144,1300
DA:145,1300
DA:146,1300
DA:148,1300
DA:149,1300
DA:150,2
DA:152,1300
DA:153,1300
DA:156,1300
DA:159,1300
DA:160,36
DA:162,8
DA:164,8
DA:169,1890
DA:170,46
DA:178,140
DA:182,142
DA:184,142
DA:185,2
DA:186,140
DA:190,102
DA:195,102
DA:196,102
DA:197,6
DA:198,96
DA:199,96
DA:200,96
LF:75
LH:74
end_of_record
TN:
SF:/data/workspace/f-stack/lib/ff_init.c
FN:36,56,ff_init
FN:59,62,ff_run
FN:65,68,ff_stop_run
FNDA:10,ff_init
FNDA:2,ff_run
FNDA:2,ff_stop_run
FNF:3
FNH:3
BRDA:40,0,0,2
BRDA:40,0,1,8
BRDA:44,0,0,2
BRDA:44,0,1,6
BRDA:48,0,0,2
BRDA:48,0,1,4
BRDA:52,0,0,2
BRDA:52,0,1,2
BRF:8
BRH:8
DA:36,10
DA:39,10
DA:40,10
DA:41,2
DA:43,8
DA:44,8
DA:45,2
DA:47,6
DA:48,6
DA:49,2
DA:51,4
DA:52,4
DA:53,2
DA:55,2
DA:59,2
DA:61,2
DA:62,2
DA:65,2
DA:67,2
DA:68,2
LF:20
LH:20
end_of_record
TN:
SF:/data/workspace/f-stack/lib/ff_log.c
FN:108,111,ff_vlog
FN:48,65,ff_log_open_set
FN:68,74,ff_log_close
FN:77,80,ff_log_reset_stream
FN:83,86,ff_log_set_global_level
FN:89,92,ff_log_set_level
FN:95,105,ff_log
FNDA:2,ff_vlog
FNDA:6,ff_log_open_set
FNDA:6,ff_log_close
FNDA:6,ff_log_reset_stream
FNDA:2,ff_log_set_global_level
FNDA:12,ff_log_set_level
FNDA:26,ff_log
FNF:7
FNH:7
BRDA:53,0,0,2
BRDA:53,0,1,4
BRDA:70,0,0,2
BRDA:70,0,1,4
BRF:4
BRH:4
DA:48,6
DA:50,6
DA:52,6
DA:53,6
DA:54,4
DA:56,2
DA:57,2
DA:60,4
DA:61,4
DA:62,4
DA:64,4
DA:68,6
DA:70,6
DA:71,2
DA:72,2
DA:74,6
DA:77,6
DA:79,6
DA:83,2
DA:85,2
DA:86,2
DA:89,12
DA:91,12
DA:95,26
DA:100,26
DA:101,26
DA:102,26
DA:104,26
DA:108,2
DA:110,2
LF:30
LH:30
end_of_record
TN:
SF:/data/workspace/f-stack/lib/ff_thread.c
FN:16,18,ff_set_thread
FN:21,30,ff_start_routine
FN:33,46,ff_pthread_create
FN:49,51,ff_pthread_join
FNDA:6,ff_set_thread
FNDA:6,ff_start_routine
FNDA:8,ff_pthread_create
FNDA:6,ff_pthread_join
FNF:4
FNH:4
BRDA:37,0,0,2
BRDA:37,0,1,6
BRF:2
BRH:2
DA:16,6
DA:17,6
DA:18,6
DA:21,6
DA:22,6
DA:24,6
DA:25,6
DA:26,6
DA:27,6
DA:28,6
DA:29,6
DA:33,8
DA:36,8
DA:37,8
DA:38,2
DA:39,2
DA:42,6
DA:43,6
DA:44,6
DA:45,6
DA:49,6
DA:50,6
LF:22
LH:22
end_of_record
